592	0.000000	brown/ead08cd3405376f8.jpg
1118	1.000000	no/cbc246f8d20b15aa.jpg
925	1.000000	no/5aea58d5b04d132b.jpg
674	1.000000	no/0af921a4811827b7.jpg
1678	2.000000	polar/aae77ac0ac9f4eb1.jpg
1269	2.000000	polar/10252b922165e2c4.jpg
1032	1.000000	no/94dd25fbbe2db9dc.jpg
578	0.000000	brown/e4745a37c7ebb0db.jpg
1602	2.000000	polar/802756ba8e33514b.jpg
962	1.000000	no/70533af76b89efb9.jpg
490	0.000000	brown/aee92a21af0b82fc.jpg
714	1.000000	no/177ef215a6a1cb2d.jpg
63	0.000000	brown/0b202044b475f933.jpg
1192	1.000000	no/fa209966d0fea2a5.jpg
785	1.000000	no/2b609f146cc0559a.jpg
1200	2.000000	polar/00574360e3de6cbb.jpg
846	1.000000	no/450cef9f2903e9f4.jpg
1273	2.000000	polar/12bbf80ce825bd24.jpg
1030	1.000000	no/949d20eee2290745.jpg
1549	2.000000	polar/64c5011856f92c3b.jpg
1246	2.000000	polar/0ac59a2da371a2cb.jpg
487	0.000000	brown/add7f670137438e4.jpg
1510	2.000000	polar/5779b4c6d82eeefd.jpg
1482	2.000000	polar/4f0d181a5f1f4a3e.jpg
875	1.000000	no/4b4ba2e90e47df06.jpg
726	1.000000	no/1c070e30a888abc9.jpg
794	1.000000	no/2d754972027fedb4.jpg
749	1.000000	no/216849c18b131776.jpg
680	1.000000	no/0c42f78afb4b183d.jpg
1066	1.000000	no/a50f64f0daa45bad.jpg
1488	2.000000	polar/5103e2aadc4aac05.jpg
353	0.000000	brown/71c211cbe4efa586.jpg
74	0.000000	brown/0c9ba23768b0ceb9.jpg
1007	1.000000	no/8a8269bce94d8a99.jpg
388	0.000000	brown/83d11607b4e3352a.jpg
1108	1.000000	no/c769d9488db8dcd1.jpg
1210	2.000000	polar/01e0ab3614087dd4.jpg
963	1.000000	no/7066df7f37501944.jpg
49	0.000000	brown/08ae713666d0bf12.jpg
874	1.000000	no/4b3a5430d0c83095.jpg
1025	1.000000	no/93676b89d3d3e294.jpg
160	0.000000	brown/22c32f4044761029.jpg
252	0.000000	brown/461a3fb2b4c67177.jpg
1711	2.000000	polar/c087ca4f9b46b63b.jpg
122	0.000000	brown/1a4d60e0b47e5af9.jpg
688	1.000000	no/0d2e0bc3eedafe7a.jpg
273	0.000000	brown/4e08b923235fe9e7.jpg
1493	2.000000	polar/526bd41ee118c155.jpg
1233	2.000000	polar/085f8297fc8ad2c1.jpg
1571	2.000000	polar/70efd0c4aed9b532.jpg
1428	2.000000	polar/3dbc2f1f59d4caaf.jpg
861	1.000000	no/47792ae9ab384e30.jpg
534	0.000000	brown/c8c2752735613daa.jpg
1341	2.000000	polar/2658ab45be6a4e23.jpg
125	0.000000	brown/1aaaefd3234ff51e.jpg
271	0.000000	brown/4d7a714ddd6b67fe.jpg
463	0.000000	brown/a1e673fa305a9eaf.jpg
1768	2.000000	polar/e41562e6ddf205f7.jpg
436	0.000000	brown/94acaaeba4c0e42b.jpg
605	0.000000	brown/f1a9a484382dd94a.jpg
262	0.000000	brown/4a881bef15a88dc0.jpg
1339	2.000000	polar/262a3f8be196a2c0.jpg
842	1.000000	no/426b8ed6589f8990.jpg
1139	1.000000	no/da046c4e1dd277ae.jpg
720	1.000000	no/19ec37cf8863437a.jpg
1719	2.000000	polar/c2c4cf750c4a5d84.jpg
1456	2.000000	polar/477b580e799ada49.jpg
228	0.000000	brown/3c18ee488c17770b.jpg
133	0.000000	brown/1c675c0841b1e3fd.jpg
425	0.000000	brown/934f65ab60036932.jpg
558	0.000000	brown/d5e0ec4d32898e1c.jpg
1565	2.000000	polar/6e3f5653a7a590a5.jpg
236	0.000000	brown/3f06c9ed3a8cd06e.jpg
1696	2.000000	polar/b7523cd79b0c04a2.jpg
1760	2.000000	polar/e0c3925cc65faa01.jpg
355	0.000000	brown/71edcb17e2a63e41.jpg
1291	2.000000	polar/1781cb7eccca78a1.jpg
670	1.000000	no/09bc61d8d11335f6.jpg
752	1.000000	no/2301af7b47ecd7b7.jpg
83	0.000000	brown/0deeadeb07c457fd.jpg
1370	2.000000	polar/2c0fead9dd26c039.jpg
652	1.000000	no/06a36845b852b4e2.jpg
606	0.000000	brown/f27440c164443e8b.jpg
1067	1.000000	no/a5dd35875e9b4699.jpg
774	1.000000	no/29174a6da8f00e60.jpg
1442	2.000000	polar/443e04cfd9ced276.jpg
1047	1.000000	no/9bf87a760722fd2e.jpg
949	1.000000	no/6342629f66b7e191.jpg
1497	2.000000	polar/53c1ac7d0d845cc5.jpg
871	1.000000	no/497d1c141bdf41e6.jpg
358	0.000000	brown/74a3a6c8f83a13be.jpg
1031	1.000000	no/94c4b88ae4284d85.jpg
1099	1.000000	no/be34cac231b03b4b.jpg
1369	2.000000	polar/2becfe5605a5a7f1.jpg
1113	1.000000	no/c946b7d6adb81619.jpg
1353	2.000000	polar/295f3d9822bacf4f.jpg
221	0.000000	brown/396f59fdeac379b9.jpg
479	0.000000	brown/aaa4b4200e0dbc6e.jpg
1304	2.000000	polar/1c063e049ef508ba.jpg
1423	2.000000	polar/3b9c9a00792ade56.jpg
1235	2.000000	polar/0928f142af8d5130.jpg
1070	1.000000	no/a8a4948a91cefdd8.jpg
615	0.000000	brown/f6d343dc3959b586.jpg
12	0.000000	brown/017f00cb81a2305a.jpg
1226	2.000000	polar/06b7e7ac82971cf3.jpg
915	1.000000	no/56378a33b9ceef94.jpg
1665	2.000000	polar/9e69e56d80c39cc5.jpg
492	0.000000	brown/b13627bc1a42d696.jpg
596	0.000000	brown/ed4378ed2ef65a95.jpg
150	0.000000	brown/216d01a6c5b1a9e3.jpg
557	0.000000	brown/d54dc3a3db1a370c.jpg
1418	2.000000	polar/3b06ba38b7c8a2d6.jpg
759	1.000000	no/256bca6550fa8f4f.jpg
350	0.000000	brown/7076563f108d4b36.jpg
241	0.000000	brown/40a650b582c544c2.jpg
234	0.000000	brown/3eef962612963255.jpg
511	0.000000	brown/bb75276b6f925fca.jpg
1715	2.000000	polar/c0db39124a0ba41a.jpg
1628	2.000000	polar/8dbade28186797da.jpg
927	1.000000	no/5bd3ffbd57691b99.jpg
100	0.000000	brown/13cf7e68c5f95ece.jpg
1699	2.000000	polar/b8fc7ae6d3d0b72b.jpg
1434	2.000000	polar/4151591c073b0705.jpg
272	0.000000	brown/4dbd5ad40ab27aec.jpg
1167	1.000000	no/ebe33e31c65a0c3c.jpg
1525	2.000000	polar/5c46fc8b19dda14a.jpg
772	1.000000	no/283d975c17700ad4.jpg
549	0.000000	brown/d18ab6c9aaa64d92.jpg
1290	2.000000	polar/17813bc0282a5440.jpg
1126	1.000000	no/cfed81aa0163e6dc.jpg
745	1.000000	no/205cf23fca2cef70.jpg
116	0.000000	brown/181d6c2439ddebf8.jpg
523	0.000000	brown/c1beb25dbefba7a8.jpg
946	1.000000	no/62762535ce37114a.jpg
612	0.000000	brown/f3f1829e69240d7e.jpg
1704	2.000000	polar/bbef7d05934630e4.jpg
401	0.000000	brown/892bf13006b5c81a.jpg
512	0.000000	brown/bb837c5c38b2e6c0.jpg
1130	1.000000	no/d2bc5e1b7cac9b7a.jpg
367	0.000000	brown/7c2c73cb165bf888.jpg
1085	1.000000	no/b0ebad6d8a4b6429.jpg
1511	2.000000	polar/57890e1fcc53559d.jpg
1	0.000000	brown/000c897307728e2d.jpg
775	1.000000	no/292bb19b5b0ac6d5.jpg
1115	1.000000	no/c9e30cb6c7b5eef5.jpg
1231	2.000000	polar/07c8523ee6eb5535.jpg
264	0.000000	brown/4b4bceac8599194d.jpg
1254	2.000000	polar/0d4ab6313fb9dc6a.jpg
1331	2.000000	polar/257fbb758b5914be.jpg
384	0.000000	brown/82fe9f70c3eb752d.jpg
206	0.000000	brown/347b479747d7e65f.jpg
639	1.000000	no/02d168f7716beb02.jpg
129	0.000000	brown/1bd033f74de86d68.jpg
1276	2.000000	polar/13a1da575a5afbd4.jpg
1155	1.000000	no/e404891e31f5365f.jpg
270	0.000000	brown/4d47d9d7b628c4ff.jpg
346	0.000000	brown/6e9019a2167ab957.jpg
1016	1.000000	no/8d124a46523e9b56.jpg
898	1.000000	no/5245a5ea61b14f6e.jpg
1006	1.000000	no/8a36fa8a03cca371.jpg
1377	2.000000	polar/2d44ba9c6d23a82f.jpg
306	0.000000	brown/5dc5d91d2cb8e33a.jpg
1596	2.000000	polar/7dd82a725b71e35f.jpg
1340	2.000000	polar/2650dbe23d5e3135.jpg
33	0.000000	brown/056947678d2e2699.jpg
684	1.000000	no/0c998a9691e1d1bb.jpg
784	1.000000	no/2b595a6905aea8a3.jpg
8	0.000000	brown/0117b918b6c134a1.jpg
631	1.000000	no/00937a9f59617075.jpg
906	1.000000	no/53c0feba7690c660.jpg
629	1.000000	no/008b85f960b9cd82.jpg
755	1.000000	no/242acff75a96364f.jpg
1679	2.000000	polar/abf3d90a82487f19.jpg
1563	2.000000	polar/6d04de95e7b0f3b6.jpg
1150	1.000000	no/df02b438cd63307c.jpg
285	0.000000	brown/53588b11886f823d.jpg
1731	2.000000	polar/c997b05371d7165d.jpg
381	0.000000	brown/81ed5e079de7852e.jpg
1311	2.000000	polar/1df6e62d526cc194.jpg
1607	2.000000	polar/83211d299deed53d.jpg
1309	2.000000	polar/1d90b37f050c3cfd.jpg
244	0.000000	brown/440bc70ff0ac3952.jpg
345	0.000000	brown/6e72a4b0e781099a.jpg
1751	2.000000	polar/db3601adfca5ce0f.jpg
1268	2.000000	polar/0fd3e11f80bebcdb.jpg
1239	2.000000	polar/09bb8b43d816be9b.jpg
1544	2.000000	polar/62f5633d79e8063b.jpg
224	0.000000	brown/3a8dbb014a4ffbc5.jpg
1429	2.000000	polar/3e5fcb9a6991fdba.jpg
110	0.000000	brown/16f5e2d17130af74.jpg
31	0.000000	brown/051d51cf287e090b.jpg
552	0.000000	brown/d2a70f086865cbb4.jpg
1106	1.000000	no/c1c9da9b572d723c.jpg
1324	2.000000	polar/23783200295ddc0d.jpg
481	0.000000	brown/ab7838756d8cf5db.jpg
1127	1.000000	no/cffc6da4b2644b55.jpg
770	1.000000	no/2781c947d08bee32.jpg
1098	1.000000	no/bd7f220411e8d277.jpg
250	0.000000	brown/45121b3a1659e429.jpg
94	0.000000	brown/114f5c0e84aa3a04.jpg
483	0.000000	brown/abb38bc63656cc45.jpg
1120	1.000000	no/cd1fd7fc1c3a7581.jpg
982	1.000000	no/7c2bb2664a1caf66.jpg
375	0.000000	brown/7f301f934d1be3d6.jpg
1536	2.000000	polar/60eb383d73dcf7c5.jpg
1289	2.000000	polar/1750c06505439e9f.jpg
536	0.000000	brown/c93d2df51071b4c3.jpg
1691	2.000000	polar/b4b14fa9691fd32b.jpg
535	0.000000	brown/c92b5c1559461199.jpg
780	1.000000	no/2a854a1c8686ef7e.jpg
68	0.000000	brown/0c3771fe92ea275a.jpg
339	0.000000	brown/6c8c2bf3a4d72d75.jpg
1658	2.000000	polar/9bc5344247d82f2a.jpg
16	0.000000	brown/020c9a8c18d772ea.jpg
668	1.000000	no/095ae656f4e7d4fa.jpg
1337	2.000000	polar/25cbe4892a40bafc.jpg
815	1.000000	no/35c261d3e8c66591.jpg
660	1.000000	no/07bb439545f503f0.jpg
1694	2.000000	polar/b549871fb3e831c9.jpg
1079	1.000000	no/ac0f172d241ebd96.jpg
1798	2.000000	polar/f8a06d50d5b9210c.jpg
191	0.000000	brown/2ed17656a161b2a1.jpg
364	0.000000	brown/794382ee485e23e1.jpg
155	0.000000	brown/2230337ba33627fc.jpg
183	0.000000	brown/2da591d3fa2be186.jpg
1443	2.000000	polar/45376ee1007092a0.jpg
412	0.000000	brown/8c9d0c019e694c8a.jpg
440	0.000000	brown/95fdb030f57b4118.jpg
407	0.000000	brown/8af5ccc60267b5e6.jpg
881	1.000000	no/4d4229878759e30c.jpg
383	0.000000	brown/82a2022d697b9dfe.jpg
43	0.000000	brown/07b74b8a3d95b09e.jpg
853	1.000000	no/46236b2e367d9159.jpg
465	0.000000	brown/a3386ff54a985f90.jpg
1662	2.000000	polar/9cb46f31caf72fd8.jpg
866	1.000000	no/48034674b9e365fb.jpg
1583	2.000000	polar/76ea6b1e055d93fa.jpg
1673	2.000000	polar/a50eed433aedae39.jpg
108	0.000000	brown/168d0228ba0d29e0.jpg
1558	2.000000	polar/6b2a8a73aa423efb.jpg
800	1.000000	no/2e91953211984d88.jpg
1171	1.000000	no/ed343246b1db6fe7.jpg
235	0.000000	brown/3f06b197e78831a1.jpg
1618	2.000000	polar/8979e46a5eb1f0bd.jpg
1014	1.000000	no/8cfedc5813a44a23.jpg
1029	1.000000	no/947e22a1bb1543d1.jpg
1048	1.000000	no/9c5c5736564813ad.jpg
830	1.000000	no/3b9b5591d95d7be7.jpg
883	1.000000	no/4dfae671afa8c2f3.jpg
673	1.000000	no/0ae48f5e84ab67a3.jpg
362	0.000000	brown/780d959a7e8c14fe.jpg
422	0.000000	brown/91ece360dd7dbce2.jpg
1467	2.000000	polar/4b3956670633db14.jpg
1278	2.000000	polar/13da5a64304db132.jpg
1407	2.000000	polar/3921f16f122ab2c7.jpg
1297	2.000000	polar/18d0e54d38aa55c0.jpg
730	1.000000	no/1ce8639c57cb9f5e.jpg
647	1.000000	no/0568903bc8b65da0.jpg
952	1.000000	no/65f6e2a4f7104846.jpg
139	0.000000	brown/1e26f0676277f8d7.jpg
70	0.000000	brown/0c59f68e94083b87.jpg
1515	2.000000	polar/58cb67713c5a36b7.jpg
84	0.000000	brown/0e55baab044e2eca.jpg
1594	2.000000	polar/7b8ea15cf9f77149.jpg
266	0.000000	brown/4b9b2dc12f9aa582.jpg
1785	2.000000	polar/f15b3fc75eebba91.jpg
635	1.000000	no/017e0de6c5452dcb.jpg
1205	2.000000	polar/0100734567753372.jpg
1629	2.000000	polar/8e340fdb02e48a3c.jpg
1019	1.000000	no/900208192766718a.jpg
1207	2.000000	polar/013aeee02fc1aaca.jpg
275	0.000000	brown/4ee32248bf2de242.jpg
902	1.000000	no/53563ab5c237722a.jpg
1188	1.000000	no/f66c6a6bc08e2708.jpg
1112	1.000000	no/c93a93913c7e261e.jpg
903	1.000000	no/536578e8e1416d2e.jpg
808	1.000000	no/32589e2c5d2148fe.jpg
1144	1.000000	no/db55f39cec5225d3.jpg
1562	2.000000	polar/6c9d2a9fa597ea7e.jpg
1747	2.000000	polar/d80d201b75898986.jpg
90	0.000000	brown/0fcbde3538f436ba.jpg
1097	1.000000	no/bbe7c172b591a285.jpg
343	0.000000	brown/6df9319431f25a04.jpg
1166	1.000000	no/ead14a0f5a5eafc0.jpg
1089	1.000000	no/b37aeda54bde2dcd.jpg
269	0.000000	brown/4d1abfceceaa6d8f.jpg
1215	2.000000	polar/0361447a575d51b3.jpg
709	1.000000	no/155ea429631b28ac.jpg
238	0.000000	brown/3f883da1c03648df.jpg
1348	2.000000	polar/2846d54db7a45502.jpg
1124	1.000000	no/ce208bfabce8f863.jpg
1383	2.000000	polar/2f1840edd3bb3e2e.jpg
1620	2.000000	polar/8b1923421df83b36.jpg
112	0.000000	brown/17279d76c1f56b03.jpg
561	0.000000	brown/d7470c0a431e7d79.jpg
336	0.000000	brown/6adbdf365c6ea34e.jpg
1513	2.000000	polar/57ee3d692cc3845d.jpg
378	0.000000	brown/8009480c3e47917f.jpg
1390	2.000000	polar/3189d6764fa40313.jpg
638	1.000000	no/02ca82b350b3bbf9.jpg
1541	2.000000	polar/621127f0f65c7154.jpg
1650	2.000000	polar/96f663858be9449c.jpg
659	1.000000	no/07b64c667222bc62.jpg
489	0.000000	brown/aebe7ee097aacd55.jpg
901	1.000000	no/5350889aa3b50107.jpg
1052	1.000000	no/9d181582ea0e5dac.jpg
1483	2.000000	polar/4f9093d083b8e328.jpg
1774	2.000000	polar/ec7c1bff65b3ad39.jpg
765	1.000000	no/25ef63340140bf33.jpg
144	0.000000	brown/1f9ce045dcbb6e95.jpg
159	0.000000	brown/22b0b0338f8b0532.jpg
741	1.000000	no/1f99510e4489de9b.jpg
1644	2.000000	polar/9360926f00cc533e.jpg
1049	1.000000	no/9c64000063dfc266.jpg
1013	1.000000	no/8cd37e44d371e843.jpg
230	0.000000	brown/3d73da05f9705ed3.jpg
1670	2.000000	polar/a149cb05c1a01b1d.jpg
1534	2.000000	polar/606bd70ba7599563.jpg
671	1.000000	no/0a05f57caeae05ee.jpg
223	0.000000	brown/3a804f5b5bdd9875.jpg
699	1.000000	no/13d67c02040d71aa.jpg
850	1.000000	no/4540a54bc49f806f.jpg
1401	2.000000	polar/36d84a626ac88a14.jpg
404	0.000000	brown/8a8417ac3235b65a.jpg
724	1.000000	no/1b4ba7be5164f340.jpg
1095	1.000000	no/b7d83ad08d5fde00.jpg
1745	2.000000	polar/d74ada651287b524.jpg
340	0.000000	brown/6cdb51193a2f2fd1.jpg
58	0.000000	brown/09ad1fdf10042eda.jpg
462	0.000000	brown/a122bbb708302112.jpg
76	0.000000	brown/0d0009c9745a0cb1.jpg
762	1.000000	no/2595991bfcc06df2.jpg
1490	2.000000	polar/51b28690acb06526.jpg
729	1.000000	no/1c7a314b17beee09.jpg
42	0.000000	brown/07ab0312b0cfdcf3.jpg
926	1.000000	no/5b92a76c37c9d492.jpg
1046	1.000000	no/9b69c49123de2840.jpg
1579	2.000000	polar/751ccb42b1a554a5.jpg
1627	2.000000	polar/8d1297566eef3a95.jpg
747	1.000000	no/211102b12c4fd680.jpg
1352	2.000000	polar/291616bcb77172d2.jpg
1172	1.000000	no/ed3d61148966e1dd.jpg
1259	2.000000	polar/0ea452f0c29aa9b6.jpg
1736	2.000000	polar/cd25d1d59965b5b8.jpg
1606	2.000000	polar/830f57e8dbcf0e97.jpg
153	0.000000	brown/2207ebf60f64fad6.jpg
331	0.000000	brown/68c183ec30152630.jpg
849	1.000000	no/453c0c55b1924847.jpg
293	0.000000	brown/553dc6a8ad447d58.jpg
239	0.000000	brown/3fc0a73758179539.jpg
600	0.000000	brown/eea1e7aeed895c9b.jpg
940	1.000000	no/6137eadbc863cf50.jpg
396	0.000000	brown/886373b214838113.jpg
579	0.000000	brown/e4fce7ac3c82f825.jpg
691	1.000000	no/0dc0c0fb24f05ac8.jpg
1071	1.000000	no/a9cc00e88feed6e7.jpg
229	0.000000	brown/3c4bc54ec9462bdc.jpg
442	0.000000	brown/964143ae4c7c84fe.jpg
1310	2.000000	polar/1ddc6592f14e6795.jpg
1148	1.000000	no/dcf17b0ac22d12ea.jpg
1062	1.000000	no/a1deae2d9bc7663b.jpg
1258	2.000000	polar/0e20a5efec6ee141.jpg
1176	1.000000	no/f0a96b9910d21524.jpg
426	0.000000	brown/935cc06fe8bdd84e.jpg
1138	1.000000	no/d99fcf998e1f7881.jpg
1539	2.000000	polar/6158bb88354df332.jpg
344	0.000000	brown/6e65d33721698321.jpg
1813	2.000000	polar/ff2911cdaa7b3172.jpg
1059	1.000000	no/a104748aef0e5106.jpg
501	0.000000	brown/b432268f14f221e7.jpg
1053	1.000000	no/9e5864372cf65d7a.jpg
26	0.000000	brown/0459f82b4335ff0e.jpg
253	0.000000	brown/463312c9c96e8467.jpg
1619	2.000000	polar/897df53dac29e0f3.jpg
994	1.000000	no/82fc714d42dba3ba.jpg
1330	2.000000	polar/256e9d627ce6b499.jpg
1212	2.000000	polar/0271612cc4695a9c.jpg
1358	2.000000	polar/29ea5dbd927be347.jpg
1652	2.000000	polar/97fcc128a40fbb6e.jpg
1385	2.000000	polar/2fcb19dd637777a1.jpg
372	0.000000	brown/7e4076e5ece14631.jpg
313	0.000000	brown/611aff3762646348.jpg
1413	2.000000	polar/3a69e353567ca266.jpg
856	1.000000	no/466c438f2b9ce51f.jpg
840	1.000000	no/413f8bb4a6e48d42.jpg
924	1.000000	no/5ae4eb073e2ec559.jpg
1649	2.000000	polar/95c660ac6c9f0460.jpg
263	0.000000	brown/4af7b4928d206930.jpg
698	1.000000	no/12bd76b88e0e1035.jpg
1554	2.000000	polar/67820e15bd7ddc1f.jpg
1548	2.000000	polar/64c2a88ac5c01da0.jpg
650	1.000000	no/05e2e54520f2f616.jpg
1274	2.000000	polar/12d61397f8e4ecf7.jpg
452	0.000000	brown/98be828d7d5e529b.jpg
1581	2.000000	polar/75db0e4ea66436f3.jpg
186	0.000000	brown/2dfbd2133ceb0742.jpg
1367	2.000000	polar/2bb15b731dbd3378.jpg
406	0.000000	brown/8af5314a715a95e2.jpg
389	0.000000	brown/84386c11b5ac3f13.jpg
458	0.000000	brown/a0021da708663b7a.jpg
997	1.000000	no/845ca3fa41109e07.jpg
907	1.000000	no/53c311e95cac6ced.jpg
411	0.000000	brown/8c696f140130d9c9.jpg
676	1.000000	no/0bab88c9d40843d7.jpg
1809	2.000000	polar/fc947db0c20eca07.jpg
736	1.000000	no/1e31337c463d3b59.jpg
653	1.000000	no/06a373007577b27b.jpg
138	0.000000	brown/1db4bd668dc050cf.jpg
423	0.000000	brown/924e12a29c8c3321.jpg
1477	2.000000	polar/4d7b0a7e0d9f0a37.jpg
1175	1.000000	no/f0899e5e5b2a4830.jpg
486	0.000000	brown/ad80fbba1bc95661.jpg
220	0.000000	brown/38bd55103814c901.jpg
134	0.000000	brown/1c8109d39473f82a.jpg
626	0.000000	brown/ff4b5ed2cb19a112.jpg
742	1.000000	no/1f9a647ddb72a8c9.jpg
295	0.000000	brown/56fdc15c9e28173d.jpg
1312	2.000000	polar/1df7b114480c608a.jpg
368	0.000000	brown/7cddf2ceb8ecddd7.jpg
1800	2.000000	polar/f92d25707bef2718.jpg
113	0.000000	brown/174852382020da0f.jpg
1302	2.000000	polar/1a74035e882a92e9.jpg
1808	2.000000	polar/fc4667a7d985b683.jpg
28	0.000000	brown/04e539e9824975eb.jpg
1174	1.000000	no/f00c3367ab0bf61f.jpg
494	0.000000	brown/b37bf984252a4694.jpg
1287	2.000000	polar/155dce7b1ce10e59.jpg
951	1.000000	no/64bc68adc19c82d2.jpg
1395	2.000000	polar/355a26921e2c7a56.jpg
502	0.000000	brown/b4fbdd8f703bb92a.jpg
1255	2.000000	polar/0d7365fb308d3620.jpg
1733	2.000000	polar/ca69ca128972927b.jpg
504	0.000000	brown/b6e289ebc363bf66.jpg
444	0.000000	brown/97058787c18e1fc5.jpg
675	1.000000	no/0af961e89b9d9beb.jpg
1141	1.000000	no/da1fa53c7ceb6211.jpg
1610	2.000000	polar/83bc2038019bf492.jpg
1415	2.000000	polar/3a847b28b516ad10.jpg
128	0.000000	brown/1b6a0e26cc906308.jpg
1257	2.000000	polar/0ded68869e5f6d88.jpg
829	1.000000	no/3b3073c14d1e9a05.jpg
1300	2.000000	polar/19ebf4dca92d098c.jpg
697	1.000000	no/123158155e3fbbaa.jpg
1389	2.000000	polar/311d3f5130a5568e.jpg
769	1.000000	no/2773abb4e104df70.jpg
72	0.000000	brown/0c63dc22747b5b08.jpg
403	0.000000	brown/8a44650221d6be01.jpg
1333	2.000000	polar/25a67f63c4c3eb48.jpg
947	1.000000	no/6278a8a03c5ef739.jpg
382	0.000000	brown/8234e7014bd8cf3f.jpg
246	0.000000	brown/44331cb83a0848cc.jpg
1498	2.000000	polar/53fe4547905eed6e.jpg
1564	2.000000	polar/6d856836377d3071.jpg
1553	2.000000	polar/66e81070582749d8.jpg
1303	2.000000	polar/1aa33720229e5697.jpg
1151	1.000000	no/df0a380ce04a15e8.jpg
1653	2.000000	polar/993e7a758d0c1efb.jpg
706	1.000000	no/14adbd9f480281b8.jpg
1248	2.000000	polar/0b472209179f3b42.jpg
525	0.000000	brown/c2bbd278e0a1560a.jpg
461	0.000000	brown/a118104a129e91a7.jpg
960	1.000000	no/6bbf1e7cef50a7cd.jpg
1335	2.000000	polar/25b155f795ca6e51.jpg
530	0.000000	brown/c5400aa29e10ce3a.jpg
1294	2.000000	polar/180b5a58ad4f4b61.jpg
1590	2.000000	polar/7a963a708046f186.jpg
602	0.000000	brown/ef9b1114629bc475.jpg
1024	1.000000	no/933e08db2da4dd01.jpg
847	1.000000	no/4511bad2db638294.jpg
451	0.000000	brown/988e58ac110d335b.jpg
1734	2.000000	polar/cb2e28612e130318.jpg
1092	1.000000	no/b4f26b83ac7a9e71.jpg
1088	1.000000	no/b359c9e192348f9e.jpg
115	0.000000	brown/178dc55fe6897baa.jpg
168	0.000000	brown/2783f713c6c8ebe9.jpg
341	0.000000	brown/6d426380b13b175d.jpg
959	1.000000	no/6a1bc65050bcff37.jpg
1641	2.000000	polar/9236d65a8d9ab184.jpg
884	1.000000	no/4e0f0533d6bb76d9.jpg
123	0.000000	brown/1a901116ae4f2b8e.jpg
1723	2.000000	polar/c634b3c243a7c6e0.jpg
991	1.000000	no/7ea89794250032d4.jpg
140	0.000000	brown/1e4874ed3cc08c94.jpg
1437	2.000000	polar/4230ea485eb03490.jpg
1203	2.000000	polar/008c2aaa599324b7.jpg
1626	2.000000	polar/8d059ab3f1426e4c.jpg
1129	1.000000	no/d2a51c933c3cd8e9.jpg
1040	1.000000	no/973f66cc4443931c.jpg
141	0.000000	brown/1e936239c3e0f828.jpg
788	1.000000	no/2bb3b46583396afd.jpg
1181	1.000000	no/f1d71c211025a560.jpg
516	0.000000	brown/bf3821c6fc2bf6a6.jpg
1087	1.000000	no/b252b8ca1dd37a5c.jpg
1608	2.000000	polar/838d665fc42b6985.jpg
899	1.000000	no/52601dd0e173ff54.jpg
860	1.000000	no/46ed1fc75d6c87bd.jpg
522	0.000000	brown/c1aa80125f86bd73.jpg
437	0.000000	brown/94c5230aa892a9b3.jpg
1421	2.000000	polar/3b4852e04f606dab.jpg
1009	1.000000	no/8b59f5645c417977.jpg
296	0.000000	brown/5749a9ff4de7c4b6.jpg
162	0.000000	brown/23d1f5d5a57cb717.jpg
55	0.000000	brown/0955bfe3387fef09.jpg
59	0.000000	brown/09b33ef8a1dcf147.jpg
594	0.000000	brown/ec5652ff2e669997.jpg
474	0.000000	brown/a92a220c72d0c510.jpg
131	0.000000	brown/1c20eccd2ebb6934.jpg
778	1.000000	no/2a4f6705261efcfb.jpg
791	1.000000	no/2c4d68fbd20d52da.jpg
1237	2.000000	polar/0940914ad9ae9006.jpg
121	0.000000	brown/1a0bc4938b19d993.jpg
1701	2.000000	polar/ba5b1b09f2300d8b.jpg
1625	2.000000	polar/8cfb4b1c95e4c56a.jpg
1194	1.000000	no/fb785aedb9a77e2a.jpg
441	0.000000	brown/960c21ca505189f2.jpg
878	1.000000	no/4cbaae401a868929.jpg
315	0.000000	brown/61bd08bf28568de6.jpg
1500	2.000000	polar/543ca0f292c64023.jpg
541	0.000000	brown/cc16a2b97d69d596.jpg
816	1.000000	no/360dedb6b1829be6.jpg
1664	2.000000	polar/9e43cdef44eb47b7.jpg
1556	2.000000	polar/688ad2bdce54abe4.jpg
1275	2.000000	polar/131aa636138185a3.jpg
1518	2.000000	polar/59476c57215694e3.jpg
1671	2.000000	polar/a183002d1cd6d910.jpg
391	0.000000	brown/85d903073e6ec0f4.jpg
147	0.000000	brown/205eb7f34fc6c31a.jpg
560	0.000000	brown/d6f68f3cac7dd5c1.jpg
1035	1.000000	no/95c1134d73ef7a31.jpg
935	1.000000	no/60dd35479ab4485c.jpg
1195	1.000000	no/fb9d875cfea12a3a.jpg
472	0.000000	brown/a8707ceb917a7945.jpg
950	1.000000	no/637da1ade87b0c9d.jpg
1705	2.000000	polar/bd7938dd592e20e5.jpg
1794	2.000000	polar/f6530af0ec64e101.jpg
13	0.000000	brown/01869dc1875075b7.jpg
953	1.000000	no/66e5f74e45ca377b.jpg
1457	2.000000	polar/47884476bf336ad9.jpg
1119	1.000000	no/ccfd62421c3a9dda.jpg
304	0.000000	brown/5c167989a4a89486.jpg
1283	2.000000	polar/14abc2d2ef142dd7.jpg
1183	1.000000	no/f4a778d0529a9925.jpg
920	1.000000	no/58ffe109f182073c.jpg
648	1.000000	no/0598f245d4713cc5.jpg
622	0.000000	brown/fcb936908440c794.jpg
338	0.000000	brown/6c6171bdd5cdfc39.jpg
1140	1.000000	no/da16cccf1a3c30f5.jpg
137	0.000000	brown/1d990d673b3b7870.jpg
1683	2.000000	polar/adea766eb5e0144b.jpg
1725	2.000000	polar/c764524b894134b3.jpg
1569	2.000000	polar/708ccd6187c26ce2.jpg
349	0.000000	brown/6f95d30dd3e63132.jpg
261	0.000000	brown/497c470efbab6a43.jpg
707	1.000000	no/14ee077a9e11db08.jpg
910	1.000000	no/54f09f11348de419.jpg
776	1.000000	no/297bafed73ac2504.jpg
1245	2.000000	polar/0ac167bc91324dc0.jpg
415	0.000000	brown/8da8b4f8a9259098.jpg
1295	2.000000	polar/18647775137731bd.jpg
1479	2.000000	polar/4e0f9e04bee0b427.jpg
993	1.000000	no/80262b976382ff37.jpg
211	0.000000	brown/35133e9b0af5a6a9.jpg
1613	2.000000	polar/84595629b92b7b88.jpg
1076	1.000000	no/aaa9bfc35d79905c.jpg
834	1.000000	no/3ef22b1431b4c87c.jpg
281	0.000000	brown/5237a8158f77e010.jpg
276	0.000000	brown/4f0b0edfef5b1d2f.jpg
519	0.000000	brown/bff9899c08268b21.jpg
1609	2.000000	polar/839d4ccb50fa7d15.jpg
1744	2.000000	polar/d6af9fb2aa08ec41.jpg
214	0.000000	brown/35913a5b3fcfa39d.jpg
283	0.000000	brown/52a6918b073eab74.jpg
446	0.000000	brown/973e0e6d0a198604.jpg
104	0.000000	brown/15c1fb96f1232430.jpg
1064	1.000000	no/a468252c537e780c.jpg
1759	2.000000	polar/e04e9a670f05ae95.jpg
216	0.000000	brown/359ddcd3297621c9.jpg
527	0.000000	brown/c406f17b22d5c1cd.jpg
1588	2.000000	polar/7913e5fb2a90586a.jpg
1677	2.000000	polar/aa967ad3c1f65a29.jpg
1146	1.000000	no/dc05f7d24df46fd4.jpg
356	0.000000	brown/7213ca31862b0cba.jpg
608	0.000000	brown/f30171ed53e83609.jpg
617	0.000000	brown/f8243400b45fffb7.jpg
334	0.000000	brown/6a04df70abe6457e.jpg
1475	2.000000	polar/4d506ba46aed86bf.jpg
513	0.000000	brown/bd642b13895a04cd.jpg
1244	2.000000	polar/0ab85af912f81be2.jpg
919	1.000000	no/58c9d229a8b34ac5.jpg
837	1.000000	no/3f4e69c9ae3258c3.jpg
1458	2.000000	polar/4794f2100816a8d8.jpg
1464	2.000000	polar/4952d89e59fe4cbb.jpg
1218	2.000000	polar/03ef0ef5aa3b348e.jpg
1213	2.000000	polar/02732515fe1f9dd0.jpg
1769	2.000000	polar/e7394883f4d1faa7.jpg
409	0.000000	brown/8bc12e140abc4986.jpg
1206	2.000000	polar/01399dab5c3366e4.jpg
761	1.000000	no/258abb079eaeadc7.jpg
537	0.000000	brown/c948a6e70c063c07.jpg
99	0.000000	brown/13a83f7bcf4541c4.jpg
628	1.000000	no/006b6f515a8ba718.jpg
1060	1.000000	no/a104e8605530ee6b.jpg
1445	2.000000	polar/453e49111e340b7a.jpg
204	0.000000	brown/33ba5c5495fc0dce.jpg
198	0.000000	brown/30b3846a183af1b7.jpg
999	1.000000	no/862ab55ab77d831f.jpg
1320	2.000000	polar/212a49e84cd5f418.jpg
143	0.000000	brown/1f8f34272a8ce556.jpg
1416	2.000000	polar/3ada5e6fa3f56bda.jpg
482	0.000000	brown/abaf41c95f7f275f.jpg
945	1.000000	no/620e89bc2e91e824.jpg
1286	2.000000	polar/1524a921f412af9f.jpg
1315	2.000000	polar/1f93912c03ab2334.jpg
1020	1.000000	no/90f8357439ffd801.jpg
1580	2.000000	polar/752e33ba9720bda5.jpg
1545	2.000000	polar/633a752de8e636d9.jpg
685	1.000000	no/0cd5440d0fc7a7fe.jpg
1667	2.000000	polar/9ed366b48b2b66ae.jpg
865	1.000000	no/47cefd4edb475a19.jpg
1017	1.000000	no/8f1fa9efe0fcf068.jpg
192	0.000000	brown/2f224b29e640a9e6.jpg
565	0.000000	brown/da0dd080084ba436.jpg
1298	2.000000	polar/1940d9ff261d99d4.jpg
1503	2.000000	polar/55369bf4f3d00c3f.jpg
1387	2.000000	polar/2fd937006cb2f9b5.jpg
1750	2.000000	polar/dadec10b72331428.jpg
1452	2.000000	polar/4649ef7c44c7512d.jpg
1520	2.000000	polar/5a665077e3c7cc67.jpg
88	0.000000	brown/0fc37c33b7766c66.jpg
35	0.000000	brown/059a45a42b3c1c87.jpg
972	1.000000	no/752e7788eac80892.jpg
1202	2.000000	polar/0089d4a84c4a3cd1.jpg
854	1.000000	no/463b52c8ef927f50.jpg
1364	2.000000	polar/2b797cd961f71550.jpg
311	0.000000	brown/6092358b5df424df.jpg
222	0.000000	brown/3a43a639fc14bdb9.jpg
196	0.000000	brown/3035a1266564dbcf.jpg
78	0.000000	brown/0d3076545e3c46ab.jpg
210	0.000000	brown/34c63637f737f6be.jpg
740	1.000000	no/1f8dd48397a0159d.jpg
841	1.000000	no/421d7b46196842f4.jpg
1391	2.000000	polar/31af94a4fabe5511.jpg
1692	2.000000	polar/b5059d386c7e669a.jpg
738	1.000000	no/1e94eb79065db6fc.jpg
480	0.000000	brown/aad52fe29175881e.jpg
1229	2.000000	polar/075e4b9252c6363e.jpg
665	1.000000	no/091f2d16381e9ae5.jpg
188	0.000000	brown/2e8fb2f4f601cc14.jpg
280	0.000000	brown/51051700ea8c26c8.jpg
54	0.000000	brown/0945ece2861553ce.jpg
127	0.000000	brown/1b4f8db5da3dcd4a.jpg
335	0.000000	brown/6a2e81967e187015.jpg
760	1.000000	no/257dce7afdec98a7.jpg
197	0.000000	brown/304368a2fbb51d00.jpg
366	0.000000	brown/7aad5ba648887393.jpg
1614	2.000000	polar/84e541849930f384.jpg
255	0.000000	brown/4725edfd56effe07.jpg
249	0.000000	brown/44d122bec5830567.jpg
1101	1.000000	no/bf6a6507def8fdcd.jpg
4	0.000000	brown/006bf1bd35b330ec.jpg
173	0.000000	brown/2a55f442f555f727.jpg
1763	2.000000	polar/e237aeaae8b6def8.jpg
996	1.000000	no/841408399451702f.jpg
923	1.000000	no/5ae126ced3ef7874.jpg
577	0.000000	brown/e3cd7c9e35fdebb0.jpg
900	1.000000	no/52e650011d82a485.jpg
1305	2.000000	polar/1c13fcd9a5734bfb.jpg
469	0.000000	brown/a5dbe38f9148c093.jpg
1208	2.000000	polar/01c1c05247156395.jpg
575	0.000000	brown/e10765064ca1e985.jpg
1100	1.000000	no/be3b7f1815c54443.jpg
279	0.000000	brown/509a1f098ba5fdca.jpg
546	0.000000	brown/cd81c23d8d8fefeb.jpg
912	1.000000	no/55995622fa9c0630.jpg
1366	2.000000	polar/2ba6511dcc38a097.jpg
1201	2.000000	polar/006a0958123deab1.jpg
1240	2.000000	polar/0a0755bfefee3555.jpg
723	1.000000	no/1aadc2977b93cbb6.jpg
1782	2.000000	polar/f01b4143b1cbd5db.jpg
1345	2.000000	polar/2757fbe739c7fda7.jpg
619	0.000000	brown/fa6f9aa1aee4ab6f.jpg
1595	2.000000	polar/7c303d1ac628dccf.jpg
1796	2.000000	polar/f66cf0f131119724.jpg
1381	2.000000	polar/2e3c1e117bb8342e.jpg
1472	2.000000	polar/4cb93593f6ba1847.jpg
737	1.000000	no/1e4142aa3f790b5a.jpg
291	0.000000	brown/54a35e5d9cf2c42a.jpg
277	0.000000	brown/4fe21b0c8f45ce7f.jpg
114	0.000000	brown/175d6cf7e05d81b3.jpg
299	0.000000	brown/5a4f7ddf94962312.jpg
1393	2.000000	polar/32c56938d8658cc5.jpg
1170	1.000000	no/ec997d6d7e2a0878.jpg
1616	2.000000	polar/859b47c6e1644d09.jpg
568	0.000000	brown/db57a9cf321ee7ba.jpg
1631	2.000000	polar/8ebe40f2f7eb88f8.jpg
942	1.000000	no/617c57e5cb2c2ed0.jpg
1034	1.000000	no/95ba7f3f5345f335.jpg
1585	2.000000	polar/77e93fed30d0a9e3.jpg
1783	2.000000	polar/f05591981a14749e.jpg
1605	2.000000	polar/8223c066f5c7eeb0.jpg
1663	2.000000	polar/9e36f26931c0a725.jpg
91	0.000000	brown/0ff79442c3718ea7.jpg
986	1.000000	no/7dd4ad4b86426a2b.jpg
708	1.000000	no/15239453b83d8c83.jpg
1123	1.000000	no/cd9cbebf5c370778.jpg
1189	1.000000	no/f6e9b698d89eaf8f.jpg
1432	2.000000	polar/41060a17c4bd6227.jpg
1657	2.000000	polar/9b690fa1dbd9b1f0.jpg
598	0.000000	brown/ede197cef5624654.jpg
859	1.000000	no/469de8f70694bcaf.jpg
1802	2.000000	polar/f9af27c5db4ff08c.jpg
326	0.000000	brown/66fdb49ed24ea1f4.jpg
450	0.000000	brown/9865810c87999088.jpg
893	1.000000	no/508ebe66b1bba296.jpg
932	1.000000	no/5ed2b20975c10c3d.jpg
1433	2.000000	polar/413b9d03fb08d84e.jpg
687	1.000000	no/0d0726f9be6f8c8a.jpg
877	1.000000	no/4c23ed88b0a543d4.jpg
806	1.000000	no/31b0308636271344.jpg
783	1.000000	no/2b14b89522284274.jpg
1372	2.000000	polar/2c5ddbd7b6be1fc0.jpg
786	1.000000	no/2b77c709f98f1b8a.jpg
1509	2.000000	polar/574806870de1746b.jpg
1805	2.000000	polar/fb01b200279da3c5.jpg
957	1.000000	no/68defe718ba592e0.jpg
621	0.000000	brown/fba8b98beef33e00.jpg
526	0.000000	brown/c2c6eb0ff0718322.jpg
1632	2.000000	polar/8f212407914850b2.jpg
1402	2.000000	polar/36fcf5a6634f127f.jpg
879	1.000000	no/4cc2c395e2df3369.jpg
1561	2.000000	polar/6c8ca46bedbf1052.jpg
630	1.000000	no/0092480d721e7d1a.jpg
1186	1.000000	no/f65defc89ed9518d.jpg
267	0.000000	brown/4c24686fddc28b34.jpg
1542	2.000000	polar/62790a2f72b8dcc2.jpg
556	0.000000	brown/d3ffd44527772abb.jpg
916	1.000000	no/573d3702311202fd.jpg
1157	1.000000	no/e473bc919a8ac65c.jpg
1448	2.000000	polar/45a21fc7a2647f21.jpg
132	0.000000	brown/1c226de4764addf7.jpg
662	1.000000	no/08ada8db5a5950dc.jpg
508	0.000000	brown/b9773cda78da430d.jpg
1078	1.000000	no/ab854e91b05427ed.jpg
430	0.000000	brown/93ad58b6890d44fa.jpg
1216	2.000000	polar/039a1b07627ceb53.jpg
1249	2.000000	polar/0cb38e51f6a0832a.jpg
66	0.000000	brown/0badd36382a6cb7c.jpg
484	0.000000	brown/ac0de0e5da98dffc.jpg
1793	2.000000	polar/f574952cffdc0950.jpg
1728	2.000000	polar/c92d9ce488608976.jpg
424	0.000000	brown/93280de3549014c0.jpg
414	0.000000	brown/8d3e74e50404aac6.jpg
496	0.000000	brown/b3883b6f6a39a8d0.jpg
1775	2.000000	polar/ec9be87b7307568e.jpg
1094	1.000000	no/b788b34a51cce392.jpg
1481	2.000000	polar/4e424d66e2d50bb8.jpg
1777	2.000000	polar/ed6d92e3ab4dc7c1.jpg
327	0.000000	brown/679aa0acbd4f3d44.jpg
1684	2.000000	polar/af79430c94cb3dc3.jpg
308	0.000000	brown/5e3b5b9c92f5f4a2.jpg
644	1.000000	no/0397fb7d0406c39f.jpg
1405	2.000000	polar/37debf4f951f81ed.jpg
918	1.000000	no/57eca7bae75b8669.jpg
1529	2.000000	polar/5ec000e616442a2d.jpg
1293	2.000000	polar/17a2878f626868c5.jpg
1409	2.000000	polar/397acd5baf83f135.jpg
1301	2.000000	polar/1a686d74e5ec2b97.jpg
1368	2.000000	polar/2beb45fbe0687a81.jpg
954	1.000000	no/678d3777734a0af7.jpg
1028	1.000000	no/93f31a70c0f2ef4e.jpg
370	0.000000	brown/7d87935393e9b312.jpg
913	1.000000	no/55aa0ae9655a3e72.jpg
1077	1.000000	no/aaed445bdf0e86c1.jpg
421	0.000000	brown/91404f8faffaa38a.jpg
305	0.000000	brown/5c95f23ce7b91595.jpg
1436	2.000000	polar/41af3b9c0fd274f4.jpg
24	0.000000	brown/03fbbcd4708819c9.jpg
642	1.000000	no/0361ca04021ead6a.jpg
1461	2.000000	polar/48a84505c002fd45.jpg
538	0.000000	brown/cb809d3d3f4c8635.jpg
1740	2.000000	polar/d26fe3088dc05722.jpg
1603	2.000000	polar/81e64af5922aaa0b.jpg
667	1.000000	no/0959c6080dfffe17.jpg
130	0.000000	brown/1bd0e1d7ec1e6d9a.jpg
510	0.000000	brown/bae4b1ffe740b1e8.jpg
1438	2.000000	polar/4264f909143662dc.jpg
1507	2.000000	polar/5635b4ad5aec4cab.jpg
1532	2.000000	polar/5ede39db6de0ee61.jpg
567	0.000000	brown/da2a7feea17f1828.jpg
844	1.000000	no/44012cd505ddaeee.jpg
764	1.000000	no/25b1ba99e1e97117.jpg
1360	2.000000	polar/2a4384b44a85de34.jpg
1346	2.000000	polar/27797c085a059be8.jpg
402	0.000000	brown/8a38d92febcb82a8.jpg
1403	2.000000	polar/371eb8116db522bf.jpg
727	1.000000	no/1c21764381b99dea.jpg
1504	2.000000	polar/55a5025d49bbbac3.jpg
1054	1.000000	no/9e681f77ce0f02cc.jpg
242	0.000000	brown/420b069ca1b7af5c.jpg
833	1.000000	no/3e8f56a4bc866670.jpg
1003	1.000000	no/890d482b847b99ee.jpg
1522	2.000000	polar/5adf2d5e2f22d7f6.jpg
1597	2.000000	polar/7df0d8ac8acccbbe.jpg
145	0.000000	brown/1faf27fd9940a1c1.jpg
646	1.000000	no/050e1741cbbd581f.jpg
1506	2.000000	polar/561bc55f21fa0073.jpg
10	0.000000	brown/0155b267ade95d1e.jpg
1690	2.000000	polar/b2eeb7196548b4d4.jpg
998	1.000000	no/8569e95d7b083e8a.jpg
499	0.000000	brown/b3e32facb4cf6d7c.jpg
434	0.000000	brown/94744db44dcd558a.jpg
1735	2.000000	polar/ccbcdab3de1daf5f.jpg
739	1.000000	no/1ebfd5ed775aef91.jpg
1765	2.000000	polar/e3af7a0f22b9593e.jpg
82	0.000000	brown/0dd512b5bcd2a99d.jpg
974	1.000000	no/76e899919f1b0f09.jpg
135	0.000000	brown/1d0eaf82c86419e2.jpg
1279	2.000000	polar/13dca81e59e99d28.jpg
1557	2.000000	polar/69fff3d66cd86d1f.jpg
1327	2.000000	polar/2551ae451aa06bdd.jpg
882	1.000000	no/4d7812d7ccdef5ee.jpg
268	0.000000	brown/4cdfa446b4eea6b4.jpg
585	0.000000	brown/e71c298bda9854d9.jpg
1357	2.000000	polar/29bd0f03d07da4c3.jpg
1814	2.000000	polar/ffe75f8629a110ca.jpg
359	0.000000	brown/75023a8b893c7668.jpg
1807	2.000000	polar/fbb5b0b20210639a.jpg
1634	2.000000	polar/8fa18e9dd69dab2b.jpg
20	0.000000	brown/02f9a316de04b108.jpg
1131	1.000000	no/d54c32a1e6665902.jpg
1318	2.000000	polar/2055c111fb6db60e.jpg
399	0.000000	brown/89132bf58464c641.jpg
985	1.000000	no/7dc611e9e2cf6da2.jpg
39	0.000000	brown/06a2621ed24163a7.jpg
928	1.000000	no/5c1ee921805d4de9.jpg
240	0.000000	brown/3fe1fb5f385489e7.jpg
1492	2.000000	polar/51e6888793d16112.jpg
773	1.000000	no/291210a2bb5392d4.jpg
1729	2.000000	polar/c93ddb2a5b183119.jpg
1766	2.000000	polar/e3fcb50af60cc793.jpg
1772	2.000000	polar/e8b23a2a63c57274.jpg
1055	1.000000	no/9ebf81c6143b60ec.jpg
447	0.000000	brown/9768ca8db7e72e03.jpg
1560	2.000000	polar/6c10f03a716f185c.jpg
620	0.000000	brown/fb87f76487592286.jpg
827	1.000000	no/3a4754c42ba3fe38.jpg
857	1.000000	no/468959db42c146c0.jpg
323	0.000000	brown/64cfcac595dcdcb6.jpg
599	0.000000	brown/ee2a13497dc28373.jpg
965	1.000000	no/7098a170e50ce81f.jpg
1806	2.000000	polar/fb0e5645b1d48a2e.jpg
655	1.000000	no/07382aad542bc263.jpg
1654	2.000000	polar/99e98188feb99c84.jpg
2	0.000000	brown/004fb8e9af4341c3.jpg
1169	1.000000	no/ec859a1dedfbcc1f.jpg
1624	2.000000	polar/8c262c1f52d08ef0.jpg
1199	1.000000	no/fe5a83243b52395a.jpg
1179	1.000000	no/f18c1ab515b2481f.jpg
1329	2.000000	polar/256c337e1cc13998.jpg
1263	2.000000	polar/0f1f262e454d1862.jpg
459	0.000000	brown/a0e8cf4d6b48d245.jpg
725	1.000000	no/1c05d35ca6936740.jpg
1399	2.000000	polar/367734a009887fe6.jpg
848	1.000000	no/45363833a5c08173.jpg
756	1.000000	no/254b8a148451e5df.jpg
109	0.000000	brown/16e103df6d031405.jpg
611	0.000000	brown/f3aa0e2b7a597b3e.jpg
154	0.000000	brown/220c8eeec66bae4f.jpg
862	1.000000	no/4784ad2615aa4f24.jpg
1241	2.000000	polar/0a0d65f5f19c8c87.jpg
651	1.000000	no/0658ddbdc7da7e41.jpg
1214	2.000000	polar/034583c3a135b346.jpg
1386	2.000000	polar/2fd311d01f6c29af.jpg
1027	1.000000	no/93d29d99ae9dc394.jpg
387	0.000000	brown/83c7c8a11307c2b0.jpg
1414	2.000000	polar/3a8166a11cbd628d.jpg
1251	2.000000	polar/0cda8d7f0646d98e.jpg
455	0.000000	brown/9d28797707b94492.jpg
1065	1.000000	no/a468c2759bddc1d0.jpg
678	1.000000	no/0c00e5df9c4ac465.jpg
1795	2.000000	polar/f66102b163e25e3e.jpg
284	0.000000	brown/52ef901c1f34ba82.jpg
498	0.000000	brown/b3d0f238093c9f18.jpg
583	0.000000	brown/e6b2db73daf4bc03.jpg
15	0.000000	brown/01d9867ddfb7c0ab.jpg
1376	2.000000	polar/2d07001f764aef31.jpg
178	0.000000	brown/2b65c3491c8eb187.jpg
1154	1.000000	no/e0d485a77c05ac95.jpg
1621	2.000000	polar/8b5a404dee5e8a89.jpg
939	1.000000	no/611b2f059d13ff84.jpg
891	1.000000	no/4fe3142f77b1c311.jpg
1162	1.000000	no/e8b00933e627721d.jpg
1102	1.000000	no/c088d1c6315ce37a.jpg
1225	2.000000	polar/06a2f3687c7cbe56.jpg
1323	2.000000	polar/2278502b8bb733e3.jpg
1742	2.000000	polar/d32d9afb2c26ec32.jpg
265	0.000000	brown/4b7dda4a42b50d3b.jpg
1512	2.000000	polar/57cff0ec9e561440.jpg
838	1.000000	no/3f82d88880d835b1.jpg
529	0.000000	brown/c4ceefcf8ecf175f.jpg
640	1.000000	no/03451ecf375638d3.jpg
1767	2.000000	polar/e4068552933f2c66.jpg
868	1.000000	no/48cbc2b7f813fde1.jpg
408	0.000000	brown/8b3ee50803c1503e.jpg
618	0.000000	brown/f9cd98c79bb3c1fa.jpg
1000	1.000000	no/865a329e682983d8.jpg
1502	2.000000	polar/54fb3a51af467d59.jpg
869	1.000000	no/48d1251b3a97b430.jpg
1724	2.000000	polar/c705a8457c372f69.jpg
30	0.000000	brown/0517ad9a949e9137.jpg
1380	2.000000	polar/2dcc5f2382f3bb24.jpg
894	1.000000	no/50c9c95a229306bf.jpg
701	1.000000	no/13d86082f29d20c5.jpg
73	0.000000	brown/0c8853e58301fee4.jpg
1453	2.000000	polar/4669511e5bfabe49.jpg
1069	1.000000	no/a870967b8d26be94.jpg
1164	1.000000	no/e926cd933ba892db.jpg
105	0.000000	brown/163af8ddb0c94822.jpg
1604	2.000000	polar/8206e082d7973222.jpg
395	0.000000	brown/8704222e08a7775f.jpg
1043	1.000000	no/988dad09c4a78c25.jpg
1243	2.000000	polar/0a6515c9d7a1db3c.jpg
67	0.000000	brown/0c0349b4404fc466.jpg
507	0.000000	brown/b942a56931ce0925.jpg
694	1.000000	no/0fb3625d8617555a.jpg
260	0.000000	brown/48da25a89f4af9ed.jpg
1058	1.000000	no/9fdd75e14b80cb6f.jpg
771	1.000000	no/27fbe4c4ce1807a1.jpg
1592	2.000000	polar/7aeedacbf01c2c90.jpg
1128	1.000000	no/d29483606a76a703.jpg
1547	2.000000	polar/649498e50ce5f6ae.jpg
1156	1.000000	no/e413e73b610f7d0d.jpg
454	0.000000	brown/9c5f08d1420405a2.jpg
473	0.000000	brown/a8a6d49d250efbb9.jpg
439	0.000000	brown/95d2aac60b581735.jpg
803	1.000000	no/2f1d159a53d8c350.jpg
161	0.000000	brown/235641b0aaa1ee12.jpg
980	1.000000	no/791764696ec7671f.jpg
500	0.000000	brown/b3e74c6b9e82fea9.jpg
37	0.000000	brown/06047b28fcb119e2.jpg
1147	1.000000	no/dc4e029edf4b3d7d.jpg
471	0.000000	brown/a83ad97990e53c79.jpg
117	0.000000	brown/183ba5e0d1d44549.jpg
1697	2.000000	polar/b77c85b670082206.jpg
1476	2.000000	polar/4d70ee1876a22c77.jpg
219	0.000000	brown/3893b0695cd4f11d.jpg
753	1.000000	no/237f407581241ed2.jpg
995	1.000000	no/832045ff62efc53e.jpg
734	1.000000	no/1ddd708ad46a7059.jpg
1682	2.000000	polar/ad68948d0660fb62.jpg
1659	2.000000	polar/9bffe7bb2ec08e5c.jpg
61	0.000000	brown/0a97447a4d406c9a.jpg
863	1.000000	no/479ff23788123a99.jpg
1149	1.000000	no/de9ed9f0c82eb44c.jpg
1639	2.000000	polar/911a260f713d62a2.jpg
1114	1.000000	no/c96c4dd5bd9aac54.jpg
1153	1.000000	no/e049a18a5800c461.jpg
540	0.000000	brown/cbe96dcc42ce31b6.jpg
307	0.000000	brown/5dd12f8aed5e3707.jpg
1674	2.000000	polar/a5f38dc4f3af2c19.jpg
1574	2.000000	polar/7253abb75d74e3fc.jpg
1473	2.000000	polar/4cce4a4158948bba.jpg
1530	2.000000	polar/5eca7e14baf44aa7.jpg
17	0.000000	brown/023058ec02eb762e.jpg
584	0.000000	brown/e6c94b1fc0409191.jpg
1523	2.000000	polar/5ae38d808f3685aa.jpg
172	0.000000	brown/298e0ab7cef2fd30.jpg
689	1.000000	no/0d2f7d654854c02e.jpg
48	0.000000	brown/08ae2f319641862e.jpg
467	0.000000	brown/a45b1206be658428.jpg
1002	1.000000	no/88a8d5c4baea8f37.jpg
1400	2.000000	polar/36b1086fd1d809ec.jpg
169	0.000000	brown/27f993af1802c25b.jpg
562	0.000000	brown/d9861e21277f318d.jpg
1220	2.000000	polar/05385dd0b8e83aa7.jpg
658	1.000000	no/07b50b8ccea9430b.jpg
750	1.000000	no/227a24ed912d56ef.jpg
1057	1.000000	no/9fbe483b4f2421fa.jpg
1576	2.000000	polar/73fa9f2a77d2468b.jpg
1770	2.000000	polar/e7842c5e6381ec5d.jpg
1611	2.000000	polar/840943680ed653df.jpg
886	1.000000	no/4e4b5f74e3853d10.jpg
790	1.000000	no/2c10377016e5bc44.jpg
1811	2.000000	polar/fd5bde8267420774.jpg
1005	1.000000	no/8a2bebe47d7ab276.jpg
274	0.000000	brown/4e5a72796536308b.jpg
1362	2.000000	polar/2b03be8635d74432.jpg
732	1.000000	no/1d8e4145c7236e39.jpg
746	1.000000	no/210eec636cc4c440.jpg
681	1.000000	no/0c58c7b87271b779.jpg
1698	2.000000	polar/b87c341acc7391d1.jpg
34	0.000000	brown/0574cfdd1f8bfaa6.jpg
1598	2.000000	polar/7ee81ac5d9113c66.jpg
118	0.000000	brown/18db8087c6c11409.jpg
385	0.000000	brown/8315203d3aa75b21.jpg
1104	1.000000	no/c1c13fd6f3cdf2e8.jpg
943	1.000000	no/61bc7fe04b93e04e.jpg
1050	1.000000	no/9ca19c59740008de.jpg
1486	2.000000	polar/50c9341ff9d01c08.jpg
1695	2.000000	polar/b683a113e6e3d4aa.jpg
1617	2.000000	polar/85a3eee28b54dae4.jpg
885	1.000000	no/4e149f5d2d460ded.jpg
1026	1.000000	no/937a4757efffe7d2.jpg
64	0.000000	brown/0b99e0ce2836c0a2.jpg
175	0.000000	brown/2aa5d405e37e6a5b.jpg
571	0.000000	brown/dd779d377d48b3d0.jpg
309	0.000000	brown/5fc803bfd03ab755.jpg
1781	2.000000	polar/efe329ece740b528.jpg
1494	2.000000	polar/527b205ce6bbcdb8.jpg
1105	1.000000	no/c1c8d7de2870615f.jpg
1527	2.000000	polar/5e4ee3ce5bbf1014.jpg
1336	2.000000	polar/25baa1553dfd0a08.jpg
718	1.000000	no/18da1036e38e6b99.jpg
890	1.000000	no/4f84e6b0f4e80ca3.jpg
807	1.000000	no/31f19275abf6750d.jpg
748	1.000000	no/2151cb4d818eef6a.jpg
700	1.000000	no/13d83d9e886a6f08.jpg
609	0.000000	brown/f3459d67092b0756.jpg
1708	2.000000	polar/bec32d48c2c96188.jpg
1121	1.000000	no/cd2613c6f44c3240.jpg
1177	1.000000	no/f15c0eb1cbc5bf32.jpg
36	0.000000	brown/05e2a5f4f3f0f402.jpg
1738	2.000000	polar/cf8c65403bb84ae0.jpg
1308	2.000000	polar/1d67a1aa7c12256f.jpg
1373	2.000000	polar/2c67abc6a6be98f8.jpg
677	1.000000	no/0baca71b05d6577f.jpg
1382	2.000000	polar/2e62771f535d62d7.jpg
201	0.000000	brown/3259efe97c7d98a1.jpg
392	0.000000	brown/862bc7114ee5c8f0.jpg
1270	2.000000	polar/103f9afd60667768.jpg
205	0.000000	brown/343f2e7b049715bf.jpg
682	1.000000	no/0c74ade8158e1e0b.jpg
120	0.000000	brown/19b7498b0c93f9d3.jpg
1109	1.000000	no/c8a6539b28cc256b.jpg
1090	1.000000	no/b3e18865dedc94a6.jpg
1586	2.000000	polar/7863085c6c102868.jpg
1217	2.000000	polar/03b01a317ead6bfa.jpg
1636	2.000000	polar/909ede0dde7b1a4b.jpg
1165	1.000000	no/e94fbe94497f95d0.jpg
1371	2.000000	polar/2c4d079dfc6a9922.jpg
380	0.000000	brown/81c8366e07a49550.jpg
1526	2.000000	polar/5e2ec5790f59cefc.jpg
1223	2.000000	polar/0659ddc9414d9bd8.jpg
379	0.000000	brown/8118e6cdd08eb09c.jpg
572	0.000000	brown/ddb8693b4be9dd46.jpg
208	0.000000	brown/34a38308f98459fb.jpg
21	0.000000	brown/032530bd2dbf39b4.jpg
813	1.000000	no/355a5b4fd8631c21.jpg
1803	2.000000	polar/fa102ed8a97a3d2d.jpg
1600	2.000000	polar/7f61e22c4ec2802c.jpg
1712	2.000000	polar/c096063fc338a795.jpg
1615	2.000000	polar/85833510d76b39cb.jpg
1496	2.000000	polar/53a4b3220cae3dda.jpg
1771	2.000000	polar/e7f12180970cadc8.jpg
1468	2.000000	polar/4b415da54aed406c.jpg
1161	1.000000	no/e89e6a839649011b.jpg
1023	1.000000	no/9236edea4c3b31c2.jpg
531	0.000000	brown/c76801fcc1810b72.jpg
692	1.000000	no/0df0f1fe13cf6264.jpg
1394	2.000000	polar/3489ec5d45c2e0d7.jpg
858	1.000000	no/468b0c25fc36aa25.jpg
102	0.000000	brown/1462a498dfcc7c96.jpg
371	0.000000	brown/7dbf4ed267033662.jpg
934	1.000000	no/601225dc7df2ef65.jpg
45	0.000000	brown/082e417c281961b9.jpg
695	1.000000	no/0fc53762086d4bad.jpg
7	0.000000	brown/00c3583647e8432a.jpg
1083	1.000000	no/aeb58a056423ffca.jpg
1145	1.000000	no/dbff69c113485e86.jpg
1535	2.000000	polar/6090d83301e51769.jpg
711	1.000000	no/16550eae9737fac5.jpg
187	0.000000	brown/2e00705e98ac9a57.jpg
200	0.000000	brown/31fdbb2b35a67808.jpg
215	0.000000	brown/359372a4cf35e2d0.jpg
1478	2.000000	polar/4da7123b49386d92.jpg
1630	2.000000	polar/8ea1bb2fea3c5b4d.jpg
649	1.000000	no/05d989c1570b3d43.jpg
1778	2.000000	polar/ed960238e6dd9f0d.jpg
929	1.000000	no/5c8ccc39b42ca898.jpg
50	0.000000	brown/08bbfb7f7c7abf04.jpg
1516	2.000000	polar/5908b56096cccd24.jpg
303	0.000000	brown/5bd47bc43ef242fa.jpg
92	0.000000	brown/10d8c12bd02c738e.jpg
1173	1.000000	no/ef7e458c7377863d.jpg
1521	2.000000	polar/5a9b222a4171f7e9.jpg
1142	1.000000	no/db2acd6fdfc6f3db.jpg
1011	1.000000	no/8c744b0829ef038c.jpg
1314	2.000000	polar/1f1029eb7339eec1.jpg
203	0.000000	brown/3387f3531c8602cf.jpg
1761	2.000000	polar/e0c9754a180a7d2b.jpg
146	0.000000	brown/1fe0c16d50ed070c.jpg
625	0.000000	brown/fe765f5a9e897470.jpg
1812	2.000000	polar/fee41bb9b18ecaf9.jpg
989	1.000000	no/7e43a722e3f68b44.jpg
1721	2.000000	polar/c2f5bd1095828436.jpg
351	0.000000	brown/70bcc39281e40667.jpg
410	0.000000	brown/8c253b6285c47600.jpg
319	0.000000	brown/627f1a1206ba5332.jpg
956	1.000000	no/6894255cbe50f52a.jpg
1568	2.000000	polar/7070b8eb0554ce2b.jpg
1103	1.000000	no/c08ee83f63a288e3.jpg
1471	2.000000	polar/4c955e6926045d37.jpg
374	0.000000	brown/7ea99ccf10a1d66f.jpg
1668	2.000000	polar/9fc4ebc8330a4f52.jpg
1117	1.000000	no/cb7e570b8cd43c6f.jpg
767	1.000000	no/2672e6f13e93342d.jpg
715	1.000000	no/179bbcbb54a068a2.jpg
566	0.000000	brown/da20d9fbaf21bd0c.jpg
672	1.000000	no/0abd8573d32924f5.jpg
289	0.000000	brown/53a0f0678960fccd.jpg
828	1.000000	no/3af696a08f142efc.jpg
1454	2.000000	polar/468a84082a82e45e.jpg
57	0.000000	brown/096e1b2ab21d9988.jpg
1191	1.000000	no/f91b02ae6a93edef.jpg
1056	1.000000	no/9ed3026c68f1d05b.jpg
580	0.000000	brown/e5cf7060132d0e95.jpg
987	1.000000	no/7dd84d65e2ac4f54.jpg
872	1.000000	no/499134d58031c32b.jpg
789	1.000000	no/2bedd2bdd7574be0.jpg
1392	2.000000	polar/328c8ade646fa2a5.jpg
62	0.000000	brown/0afacda302a463ec.jpg
1431	2.000000	polar/3f519a08af277252.jpg
574	0.000000	brown/defa9f9981d00026.jpg
613	0.000000	brown/f5a9cb58ef9c0fe4.jpg
1487	2.000000	polar/50f5236ba6ab0699.jpg
582	0.000000	brown/e6a31d5ac9e72ece.jpg
581	0.000000	brown/e5d055537d29a62d.jpg
1790	2.000000	polar/f4a960aa69bf8850.jpg
1232	2.000000	polar/084a354875ce47ba.jpg
352	0.000000	brown/7127e183220faa23.jpg
1577	2.000000	polar/744604d1411465a8.jpg
1776	2.000000	polar/ecbdd68797bfff9f.jpg
290	0.000000	brown/53ba2eae84651f9f.jpg
958	1.000000	no/698451c1617cbdd2.jpg
964	1.000000	no/7076cb450321edae.jpg
812	1.000000	no/34c6ae6b98276243.jpg
1495	2.000000	polar/5387daeb17f1e15e.jpg
1356	2.000000	polar/299f507e87b721fd.jpg
495	0.000000	brown/b38778e86e2a3d85.jpg
1299	2.000000	polar/19a9fe5633c3304e.jpg
477	0.000000	brown/aa162089efb85adc.jpg
1555	2.000000	polar/68563d622fdf83e2.jpg
905	1.000000	no/538ce2fdaa2bd2aa.jpg
636	1.000000	no/01bb29305436b19a.jpg
321	0.000000	brown/63366e098b1efc42.jpg
209	0.000000	brown/34af55f5ab56d4bb.jpg
543	0.000000	brown/cca289a80501817b.jpg
641	1.000000	no/035ef985e903bc63.jpg
656	1.000000	no/074245d1d158ffc3.jpg
1417	2.000000	polar/3af5ff986ee69d29.jpg
587	0.000000	brown/e79cfc5a4be38f48.jpg
1361	2.000000	polar/2a509c2566ef61d8.jpg
604	0.000000	brown/f189785caad743fa.jpg
1321	2.000000	polar/21bbaf0a9092ee2e.jpg
1567	2.000000	polar/7053dd13cd345679.jpg
413	0.000000	brown/8cd57f5785d08f89.jpg
1480	2.000000	polar/4e4036d81e000025.jpg
52	0.000000	brown/092068fd98a61a7b.jpg
705	1.000000	no/14a99a61c2bc394f.jpg
1250	2.000000	polar/0cce10a054f4ef3f.jpg
1080	1.000000	no/ac0fc177dd0bfc46.jpg
189	0.000000	brown/2e9474fa9277fb48.jpg
1342	2.000000	polar/267c9b94b9376ce1.jpg
1655	2.000000	polar/99edfd2abbebe6ba.jpg
553	0.000000	brown/d2e39e24760b44f2.jpg
330	0.000000	brown/6898749e30bdb849.jpg
429	0.000000	brown/939952b4e1384dfb.jpg
817	1.000000	no/3675e33b548f0048.jpg
1068	1.000000	no/a75825834e91976c.jpg
1633	2.000000	polar/8f8059e805440870.jpg
801	1.000000	no/2ecdd8a0e5f06ce9.jpg
156	0.000000	brown/224ff2aabe5aa4e9.jpg
23	0.000000	brown/03b78f2218370ed8.jpg
597	0.000000	brown/ed45056cc393342d.jpg
735	1.000000	no/1e24e66de7f24018.jpg
1012	1.000000	no/8c94e20d32cd5921.jpg
282	0.000000	brown/5246c5f5423d1718.jpg
897	1.000000	no/522a869bc33ffce7.jpg
521	0.000000	brown/c154a1c43a814754.jpg
843	1.000000	no/43dcb92b2e3da12c.jpg
983	1.000000	no/7c2f7d337d00fb17.jpg
763	1.000000	no/25ad4f32fbad9012.jpg
1573	2.000000	polar/71f269a9ac5493ba.jpg
1111	1.000000	no/c920417e73b17054.jpg
595	0.000000	brown/ecdc46859caf2ac0.jpg
0	0.000000	brown/0005b6a438d43ecc.jpg
792	1.000000	no/2d44c5809bda04dc.jpg
1591	2.000000	polar/7acc58835af0246f.jpg
864	1.000000	no/47b30697ebaa6b37.jpg
151	0.000000	brown/2190c79e3b504ddf.jpg
570	0.000000	brown/dcf0c3e39b165240.jpg
835	1.000000	no/3f05903902fb5d84.jpg
1398	2.000000	polar/360dd3503951fa80.jpg
712	1.000000	no/1727c2489334a7d9.jpg
1441	2.000000	polar/440511bc831a2b07.jpg
1133	1.000000	no/d67507d657387f81.jpg
978	1.000000	no/788f1dba21141682.jpg
333	0.000000	brown/698da55dc946e318.jpg
1375	2.000000	polar/2cf26655c41a08bf.jpg
1686	2.000000	polar/b11e6513c8d42a03.jpg
547	0.000000	brown/cd986bf54763c632.jpg
1552	2.000000	polar/66ab6b7050a6bcbf.jpg
457	0.000000	brown/9ff522f17949e494.jpg
1350	2.000000	polar/28702f8297231d3e.jpg
232	0.000000	brown/3e900e9cd2a92ba1.jpg
1211	2.000000	polar/022bf0c89cc81fc3.jpg
453	0.000000	brown/9a2db4d41bb89952.jpg
1551	2.000000	polar/660808b8aa18a030.jpg
1746	2.000000	polar/d7f46b99a7050df9.jpg
876	1.000000	no/4bf3b5a77c9a0d46.jpg
1041	1.000000	no/9765824511afcad2.jpg
41	0.000000	brown/0739ebfb4c929636.jpg
1702	2.000000	polar/ba5e77571a511246.jpg
1044	1.000000	no/99e7e0ccbc136f81.jpg
65	0.000000	brown/0ba1b5eb886a408a.jpg
1748	2.000000	polar/da5c24375c9fecf6.jpg
1168	1.000000	no/ec7ccfa3059babb7.jpg
1593	2.000000	polar/7b50bd60b7152b70.jpg
1582	2.000000	polar/761aa57c60db4ebe.jpg
1645	2.000000	polar/93ce92a64b1a84f2.jpg
1347	2.000000	polar/278ac74bdb458851.jpg
796	1.000000	no/2db4c32dfd8b568a.jpg
787	1.000000	no/2ba6f80336a99944.jpg
795	1.000000	no/2da4d3a245c5ef69.jpg
1685	2.000000	polar/b10435fffdea3ea6.jpg
607	0.000000	brown/f2d701dcffbc2b6c.jpg
1789	2.000000	polar/f48c1a0066eafc26.jpg
1779	2.000000	polar/eda9795a51c7baae.jpg
354	0.000000	brown/71eb234697d1417f.jpg
969	1.000000	no/71e94c435659427b.jpg
1714	2.000000	polar/c0d15b02fab675b8.jpg
292	0.000000	brown/550917186ef95098.jpg
497	0.000000	brown/b3b96ca5855116e8.jpg
1182	1.000000	no/f3c2ee8bb3a30723.jpg
1451	2.000000	polar/462578d86b30a60a.jpg
821	1.000000	no/37e08f0135940c59.jpg
51	0.000000	brown/08edadfeb9e6ddc1.jpg
18	0.000000	brown/026cf209d585f87d.jpg
797	1.000000	no/2dbf67b182474d51.jpg
586	0.000000	brown/e760a8f6a05846fa.jpg
420	0.000000	brown/9120a9df74d2e136.jpg
1784	2.000000	polar/f08b3f07d9ab3bfd.jpg
968	1.000000	no/71d8d0b5d045b1b4.jpg
1537	2.000000	polar/6118b85a00ae7ecb.jpg
1082	1.000000	no/aea9e687d929fdd7.jpg
1001	1.000000	no/87d8fe93cb15123e.jpg
1749	2.000000	polar/da9b0c977978494e.jpg
1642	2.000000	polar/924d73ae5900bf21.jpg
588	0.000000	brown/e8163fc4a245028f.jpg
1228	2.000000	polar/07581a2f1f82195f.jpg
1623	2.000000	polar/8c049db30947c343.jpg
1589	2.000000	polar/791954bb2895633b.jpg
1288	2.000000	polar/15cfe0fda4ce1718.jpg
590	0.000000	brown/e947857b0175e07c.jpg
3	0.000000	brown/0061debb2a202214.jpg
754	1.000000	no/23cc2ce4358615ae.jpg
921	1.000000	no/598a1a98ecaa6605.jpg
1799	2.000000	polar/f919fb6a12822df6.jpg
1762	2.000000	polar/e20403683f9d9f4b.jpg
1739	2.000000	polar/d00f26ed0ebd82cc.jpg
888	1.000000	no/4f01b19105e43f8f.jpg
1152	1.000000	no/df0e1c6527d4c523.jpg
363	0.000000	brown/789567af5f39ba5b.jpg
1646	2.000000	polar/9441e63f5782c3bf.jpg
679	1.000000	no/0c3434f0245e6c50.jpg
809	1.000000	no/33bae450a3135b20.jpg
1538	2.000000	polar/61431b6f12dea5b0.jpg
1459	2.000000	polar/48011377aae8a025.jpg
831	1.000000	no/3c1ec8da610da696.jpg
318	0.000000	brown/6277c2c08c535b67.jpg
1253	2.000000	polar/0d07e106cf30c748.jpg
1730	2.000000	polar/c95306600fe94e65.jpg
174	0.000000	brown/2a7f6eb4c8b52acc.jpg
1084	1.000000	no/aec706cf2b572af2.jpg
1612	2.000000	polar/841362e9d75f1ae8.jpg
1256	2.000000	polar/0dc2dbb29123b2de.jpg
1004	1.000000	no/89355bf5b1532aea.jpg
185	0.000000	brown/2dcf884d0d008018.jpg
176	0.000000	brown/2b13ba61c716676f.jpg
373	0.000000	brown/7e4c8daa35071afb.jpg
637	1.000000	no/01c0bd008e968149.jpg
1015	1.000000	no/8cff3c685af27b3f.jpg
87	0.000000	brown/0f8e263ebdde6021.jpg
1132	1.000000	no/d5daf8bd5a8057b1.jpg
1281	2.000000	polar/142c5df89966d72a.jpg
569	0.000000	brown/dc6784744301d921.jpg
1801	2.000000	polar/f9a6a667b13c24d7.jpg
981	1.000000	no/79437f03c3b6ecc7.jpg
1420	2.000000	polar/3b35917aba87792a.jpg
1285	2.000000	polar/14f00e3bda389754.jpg
1773	2.000000	polar/ea103baff157ba9f.jpg
202	0.000000	brown/33585bb9d6c006b2.jpg
1096	1.000000	no/b85c6c8307dfb1d2.jpg
166	0.000000	brown/25e9645b7b397895.jpg
551	0.000000	brown/d21bc637dac1da58.jpg
9	0.000000	brown/0155943ba3c56c98.jpg
1449	2.000000	polar/45b1a828a877013e.jpg
1716	2.000000	polar/c10d17130760ffce.jpg
1359	2.000000	polar/29fe76ed3f18bdaf.jpg
478	0.000000	brown/aa7ae53dd481be90.jpg
632	1.000000	no/01394165277e1068.jpg
766	1.000000	no/2610836b24ada311.jpg
324	0.000000	brown/65a3c57edf0494f4.jpg
1252	2.000000	polar/0cdeaf5a73782688.jpg
589	0.000000	brown/e8f629a1b7550a50.jpg
1042	1.000000	no/985e7b6506f9f16e.jpg
148	0.000000	brown/211027fb4ce253c0.jpg
1426	2.000000	polar/3c7b2b4c6ab3ba00.jpg
704	1.000000	no/1428b0ff1839be96.jpg
975	1.000000	no/77f1440359951879.jpg
559	0.000000	brown/d6bccf5b4379b1ef.jpg
1720	2.000000	polar/c2e2ead5376c3587.jpg
93	0.000000	brown/1112a2da04b5bfbb.jpg
832	1.000000	no/3e8f3537bca7b229.jpg
1791	2.000000	polar/f549c8bc3c79efc5.jpg
1713	2.000000	polar/c0af832ffbcd3eb6.jpg
988	1.000000	no/7e3e9e31b512e06b.jpg
573	0.000000	brown/de0955164d13884a.jpg
1260	2.000000	polar/0eb4b9534e9656aa.jpg
38	0.000000	brown/068f3085bcf99f7b.jpg
165	0.000000	brown/2574cbced3014ae4.jpg
503	0.000000	brown/b6145a7cd7e876d1.jpg
157	0.000000	brown/2262342b3b1e2edf.jpg
361	0.000000	brown/77d1fb4e0a831b36.jpg
432	0.000000	brown/93ed1f2964446856.jpg
1086	1.000000	no/b1a532521baab0b2.jpg
199	0.000000	brown/31951d17a633487c.jpg
1022	1.000000	no/9120139577c98b15.jpg
505	0.000000	brown/b7d9c07c34cf3555.jpg
836	1.000000	no/3f120930a3895095.jpg
1265	2.000000	polar/0f9a50bfcfb7ba36.jpg
818	1.000000	no/36a40ff2aa2a9710.jpg
1706	2.000000	polar/be098db0bd6867e1.jpg
696	1.000000	no/0fc6c1ab33fab069.jpg
1519	2.000000	polar/5a4813b8156ff405.jpg
258	0.000000	brown/47fff2db46176c01.jpg
1707	2.000000	polar/be3a2fc61e431f46.jpg
664	1.000000	no/08eaf7a2c0f3ee39.jpg
744	1.000000	no/205abea8d850daeb.jpg
814	1.000000	no/355e4e213f0f9026.jpg
1093	1.000000	no/b6142125410f3a85.jpg
591	0.000000	brown/ea6963c421664427.jpg
1656	2.000000	polar/9b640abe23dc6b3d.jpg
1178	1.000000	no/f16f58a42d8d3c07.jpg
937	1.000000	no/60fb5a869d7d8dd8.jpg
1190	1.000000	no/f71525c50d439dad.jpg
528	0.000000	brown/c4c71942a1cba4f8.jpg
1343	2.000000	polar/2707a6043aa344e5.jpg
85	0.000000	brown/0ebe43ee23e535fe.jpg
728	1.000000	no/1c668b6ffd60c734.jpg
152	0.000000	brown/21f3204dac15de53.jpg
1681	2.000000	polar/ac600aa18854c81f.jpg
1221	2.000000	polar/05dc4a7dc4efdf23.jpg
1021	1.000000	no/910ad220bf43bdc9.jpg
542	0.000000	brown/cc9fafc030e04612.jpg
80	0.000000	brown/0d48f4979b8c511f.jpg
690	1.000000	no/0d4b101fc03ddf8f.jpg
955	1.000000	no/688bc0ec90f55e49.jpg
44	0.000000	brown/07eb470c179a0879.jpg
826	1.000000	no/3a03e1235d4b4002.jpg
488	0.000000	brown/aeaada8302955f30.jpg
1061	1.000000	no/a14869d846e5b18c.jpg
1354	2.000000	polar/29791d2f02cae088.jpg
438	0.000000	brown/9534992110560266.jpg
758	1.000000	no/256a0bc2c9f7d575.jpg
1404	2.000000	polar/37745e43d2ce8427.jpg
1262	2.000000	polar/0f14895408109740.jpg
347	0.000000	brown/6f73704a9a11292e.jpg
1439	2.000000	polar/42870abc0c1f738a.jpg
1566	2.000000	polar/6fb63629b7fb60e0.jpg
190	0.000000	brown/2eca6a8c65235ebe.jpg
851	1.000000	no/45a176c8d9db115d.jpg
1355	2.000000	polar/2982f3ba0caa64a9.jpg
1741	2.000000	polar/d2cf4f79cd9db156.jpg
360	0.000000	brown/75d80c98d344b28f.jpg
1406	2.000000	polar/37ea164ab3072b15.jpg
493	0.000000	brown/b34d841b4eb7a0ad.jpg
545	0.000000	brown/cd037adca6d2c298.jpg
56	0.000000	brown/095c270bd230bd98.jpg
1676	2.000000	polar/aa64d42b46ef61cc.jpg
532	0.000000	brown/c88f33f30c4354a3.jpg
802	1.000000	no/2ed1be7cadca219a.jpg
819	1.000000	no/371485f918bee935.jpg
1753	2.000000	polar/db4882df4b47492a.jpg
445	0.000000	brown/9731e929dc5dba4a.jpg
518	0.000000	brown/bf6986b8bf897e7a.jpg
544	0.000000	brown/cccebf622cb8817f.jpg
419	0.000000	brown/90481efc08036315.jpg
1764	2.000000	polar/e352accdacee0213.jpg
892	1.000000	no/505b1f25eb04ef77.jpg
398	0.000000	brown/888b0fb96f6fb583.jpg
317	0.000000	brown/620dbb6ee89c8786.jpg
781	1.000000	no/2aa9d394680ffa11.jpg
870	1.000000	no/4950cecb35f8cff4.jpg
124	0.000000	brown/1aa7251f00cb54d4.jpg
1018	1.000000	no/8fa15305a7717f39.jpg
170	0.000000	brown/28975a26b57024ed.jpg
14	0.000000	brown/01bace6c9e411e90.jpg
1466	2.000000	polar/4ac64accfcabf159.jpg
1514	2.000000	polar/587bb537965cbe56.jpg
1726	2.000000	polar/c8850ddc98b61aa5.jpg
86	0.000000	brown/0eee4ccfefaa6b65.jpg
1344	2.000000	polar/270b50317fc925fb.jpg
1227	2.000000	polar/0742a63ff52492ea.jpg
967	1.000000	no/711c629b75bd583a.jpg
1756	2.000000	polar/de15127b34052b08.jpg
1063	1.000000	no/a343d100c4053d66.jpg
1792	2.000000	polar/f569366e75659254.jpg
32	0.000000	brown/0522fce6788f273e.jpg
908	1.000000	no/5411d68135e50813.jpg
226	0.000000	brown/3b6975387626cbb1.jpg
1365	2.000000	polar/2b949ca67d0b681d.jpg
312	0.000000	brown/60e8efa1101c4c2b.jpg
548	0.000000	brown/cfc48268761b9a08.jpg
643	1.000000	no/0374b9f87edb403a.jpg
1786	2.000000	polar/f23098895c29c1b3.jpg
1236	2.000000	polar/093a7cdf54c0f588.jpg
645	1.000000	no/03b042e6d248898e.jpg
1517	2.000000	polar/5941a5347aeb34bf.jpg
167	0.000000	brown/2774024f0e86e88a.jpg
867	1.000000	no/483a7335358ed802.jpg
1430	2.000000	polar/3f31dcaba9c20612.jpg
314	0.000000	brown/617ad00acf01b18c.jpg
1737	2.000000	polar/cd9022edb85d17f5.jpg
1325	2.000000	polar/237f79a0ccbd2073.jpg
1222	2.000000	polar/061b66ee5d0efa55.jpg
702	1.000000	no/13d87565a2b0afe1.jpg
320	0.000000	brown/6326f70af57ed2b5.jpg
180	0.000000	brown/2bc273a8df80b2ac.jpg
666	1.000000	no/093a40bdc2622a59.jpg
393	0.000000	brown/866934921e9794ae.jpg
1271	2.000000	polar/10ecd250d3fc222b.jpg
896	1.000000	no/5100c9d7f898d53d.jpg
1693	2.000000	polar/b53e053772609620.jpg
624	0.000000	brown/fd5a0280e9052bb9.jpg
627	1.000000	no/004f4b2428ea305c.jpg
212	0.000000	brown/354fbba7bf3f05cc.jpg
1788	2.000000	polar/f3bf66385b864089.jpg
1284	2.000000	polar/14e80ecd91a4b720.jpg
245	0.000000	brown/441a699ce9fb67b7.jpg
657	1.000000	no/0757541df0effe5b.jpg
751	1.000000	no/22a7bfde01918bdb.jpg
1524	2.000000	polar/5bcaf7b5f1ca9feb.jpg
1672	2.000000	polar/a4ff38e2e94ba6bc.jpg
22	0.000000	brown/037586919b8a52f3.jpg
1422	2.000000	polar/3b76f96a50cc5591.jpg
948	1.000000	no/62d7e1a3377bb9bc.jpg
476	0.000000	brown/a9d13f216ce9e6d9.jpg
1184	1.000000	no/f55c977fd0cc6b67.jpg
81	0.000000	brown/0da7be6036d693b2.jpg
376	0.000000	brown/7f43d1fe0e044163.jpg
1410	2.000000	polar/397b7b06f6c6a379.jpg
218	0.000000	brown/376d788fe07f11a0.jpg
1073	1.000000	no/aa7f7f2821701bbd.jpg
1669	2.000000	polar/a01ec7b225094499.jpg
1238	2.000000	polar/095bf367ee43c5e6.jpg
60	0.000000	brown/09b72f4966fbf1d1.jpg
524	0.000000	brown/c20b4964c5ece56d.jpg
1204	2.000000	polar/008d637a379d3682.jpg
1036	1.000000	no/96fa9ce2bea9012d.jpg
1374	2.000000	polar/2c737e6367f64b18.jpg
97	0.000000	brown/127bcbea7d9ac8de.jpg
1008	1.000000	no/8af6d3da1bfe6122.jpg
416	0.000000	brown/8e39763205ba82e1.jpg
977	1.000000	no/7853732126841943.jpg
1045	1.000000	no/9a2b48d992e66b4b.jpg
717	1.000000	no/18d735a051fd17f6.jpg
979	1.000000	no/79131c4e1feedd2f.jpg
106	0.000000	brown/16559978b8293674.jpg
1292	2.000000	polar/179d1a9b3bb751f0.jpg
961	1.000000	no/6d04e527fcfb54b6.jpg
256	0.000000	brown/47a1272207d9b03a.jpg
182	0.000000	brown/2d95401fdd20508a.jpg
1122	1.000000	no/cd805803d1304194.jpg
231	0.000000	brown/3db7fb75b940ef18.jpg
1037	1.000000	no/970025af5161921b.jpg
460	0.000000	brown/a104b95b53fbda00.jpg
29	0.000000	brown/050fa018ad440cde.jpg
71	0.000000	brown/0c5e03e7538516df.jpg
468	0.000000	brown/a4683cf9f380d797.jpg
713	1.000000	no/174d019bcbce4d9d.jpg
464	0.000000	brown/a291c0cf91d20234.jpg
576	0.000000	brown/e1cb505a300f33d1.jpg
966	1.000000	no/70f04c53bfdb718a.jpg
1575	2.000000	polar/72d6fea288965afc.jpg
237	0.000000	brown/3f1330007b93acd5.jpg
661	1.000000	no/0860b95636a51a17.jpg
992	1.000000	no/7ee82ace29587b8d.jpg
1322	2.000000	polar/225bef08a5de4160.jpg
1661	2.000000	polar/9ca3f3846556fbc0.jpg
1465	2.000000	polar/498fea9c555bedc3.jpg
777	1.000000	no/2981e2bd1cc6b284.jpg
1158	1.000000	no/e5d17fb49207ce68.jpg
733	1.000000	no/1db267e83f31ce7b.jpg
348	0.000000	brown/6f73c192c4c26aac.jpg
300	0.000000	brown/5b024aa42fe31ec2.jpg
1680	2.000000	polar/ac23ff75c41efd08.jpg
1135	1.000000	no/d6a0ca25b1ed6f48.jpg
287	0.000000	brown/5367e1c7d739327c.jpg
1703	2.000000	polar/bb6bc57d5047acb1.jpg
1160	1.000000	no/e6babb6b8152aa57.jpg
1136	1.000000	no/d6a8b7809c2fd795.jpg
195	0.000000	brown/2ff514fb35dd9acd.jpg
1378	2.000000	polar/2d5128ea623874ec.jpg
1540	2.000000	polar/617b3fe8370d63f8.jpg
601	0.000000	brown/ef72b8511b655153.jpg
181	0.000000	brown/2d79721d3c5222e9.jpg
1411	2.000000	polar/3a02fcdd198e042b.jpg
217	0.000000	brown/3723a41fcfea4d42.jpg
984	1.000000	no/7d219cae0570501c.jpg
316	0.000000	brown/6205c02bbffc69e8.jpg
1757	2.000000	polar/df003aebc8e7a8b4.jpg
40	0.000000	brown/06a5686c1d1c31e6.jpg
852	1.000000	no/45a5d6fe85b12cb4.jpg
904	1.000000	no/5388c988bcaa9beb.jpg
95	0.000000	brown/12051441630bc04c.jpg
142	0.000000	brown/1f59fdf9ba438103.jpg
179	0.000000	brown/2b84d90c4370ab27.jpg
719	1.000000	no/19bd63924da19875.jpg
1450	2.000000	polar/45e6a52b2a1ea350.jpg
880	1.000000	no/4cdd6cd34a3ec649.jpg
938	1.000000	no/6116529546c87cb3.jpg
805	1.000000	no/3094a992eb145662.jpg
1689	2.000000	polar/b2e4de35254c618b.jpg
456	0.000000	brown/9fdbe13d3c88fa3a.jpg
1261	2.000000	polar/0ef04fb4bb21ec86.jpg
1185	1.000000	no/f645e435a2d2645f.jpg
1531	2.000000	polar/5ed3bae108c65e51.jpg
257	0.000000	brown/47b556732c243409.jpg
616	0.000000	brown/f712e12da0daf9cd.jpg
1717	2.000000	polar/c1c954c3f23ad1c1.jpg
227	0.000000	brown/3b9ed278832a85d2.jpg
1033	1.000000	no/9578546efa8fa99e.jpg
1196	1.000000	no/fba7b509350e4f3d.jpg
1197	1.000000	no/fc50b57c6748f430.jpg
1710	2.000000	polar/bf95b7a89db9a36b.jpg
278	0.000000	brown/505b7033f37d39d4.jpg
1528	2.000000	polar/5eb67317058daeec.jpg
1296	2.000000	polar/18c790779416262b.jpg
936	1.000000	no/60e71f6f81f28bf9.jpg
1280	2.000000	polar/140eaae71409ac29.jpg
149	0.000000	brown/2151b871209889a6.jpg
554	0.000000	brown/d367874d39ede2dd.jpg
1125	1.000000	no/cfc473dc74a017f3.jpg
1180	1.000000	no/f1a81f2f5a53d4fe.jpg
1230	2.000000	polar/07b4c8f7f50d6b0d.jpg
1648	2.000000	polar/94adb45822ba9185.jpg
435	0.000000	brown/9499e80c259a9e97.jpg
400	0.000000	brown/891e0f709636fd8f.jpg
914	1.000000	no/5633bb27e0bea7e6.jpg
1787	2.000000	polar/f2b5043234086b2f.jpg
782	1.000000	no/2b02994d5cea9855.jpg
779	1.000000	no/2a50e7a8734fd12a.jpg
1810	2.000000	polar/fd2e0348af4d23c1.jpg
811	1.000000	no/3489da53a1dca05b.jpg
1039	1.000000	no/9731d62bdc922dea.jpg
654	1.000000	no/06a380f1f3be2406.jpg
1440	2.000000	polar/43fc15a55d0b333d.jpg
27	0.000000	brown/04a3fca7c41e19d7.jpg
1505	2.000000	polar/55ab76af75a42062.jpg
1397	2.000000	polar/35c4d73fe329faa4.jpg
6	0.000000	brown/0093034e0b5d378e.jpg
1427	2.000000	polar/3cd49b91ae133954.jpg
325	0.000000	brown/6643a441ebc51531.jpg
294	0.000000	brown/569a0e12922d2b3a.jpg
1758	2.000000	polar/e04bd61de652cf18.jpg
721	1.000000	no/1aa5ab84226a1f64.jpg
1264	2.000000	polar/0f5db37e2c3072fb.jpg
1419	2.000000	polar/3b1f0f1f13d28a15.jpg
46	0.000000	brown/0848e999b4fa1a8c.jpg
171	0.000000	brown/292bcb1f76f2d7ae.jpg
377	0.000000	brown/7ff0854dbead7a4d.jpg
1491	2.000000	polar/51d20a5ee5bad723.jpg
69	0.000000	brown/0c41cdb9024316c3.jpg
909	1.000000	no/5463b6add52887a6.jpg
1379	2.000000	polar/2dc51b1b0a54bce9.jpg
663	1.000000	no/08b8c3e886f0686c.jpg
722	1.000000	no/1aaa50857d98fad4.jpg
1700	2.000000	polar/ba582bf831ca1ed7.jpg
177	0.000000	brown/2b16490d59255588.jpg
47	0.000000	brown/087e2627fa9ca26d.jpg
1780	2.000000	polar/ee907f801dee9141.jpg
1485	2.000000	polar/5099e0707f9eb652.jpg
1316	2.000000	polar/1fa4e777f7312b25.jpg
1319	2.000000	polar/20591adc481562bb.jpg
610	0.000000	brown/f377db0c6d54c2c4.jpg
449	0.000000	brown/97d17f2a140c0e75.jpg
163	0.000000	brown/242fb6fb9d80b4b5.jpg
1338	2.000000	polar/2617f47589cb5bde.jpg
19	0.000000	brown/02d23a833120c202.jpg
824	1.000000	no/3935980d35084553.jpg
475	0.000000	brown/a95191730e75bfce.jpg
603	0.000000	brown/f1797ec2f19d50cb.jpg
1143	1.000000	no/db31cbfaaaf410f0.jpg
1752	2.000000	polar/db44558877af0c23.jpg
77	0.000000	brown/0d0838106bf03bd0.jpg
623	0.000000	brown/fceace889ee9085c.jpg
1599	2.000000	polar/7f4d42b79224152b.jpg
5	0.000000	brown/007e16be6a1fba04.jpg
555	0.000000	brown/d3cfe2b032e12933.jpg
799	1.000000	no/2e332b0bfc5a726d.jpg
1643	2.000000	polar/93438655ae5ef2d1.jpg
466	0.000000	brown/a41088a517c4af0c.jpg
390	0.000000	brown/8575aecb96c78023.jpg
194	0.000000	brown/2f890837b8b2fbfc.jpg
1455	2.000000	polar/46a4a9982664c030.jpg
533	0.000000	brown/c8a6ce42ece31bb9.jpg
1660	2.000000	polar/9c9569c4ba89cabe.jpg
550	0.000000	brown/d20fb87ffa881805.jpg
1224	2.000000	polar/068236e215dc3c31.jpg
158	0.000000	brown/22774b671bc25ee1.jpg
845	1.000000	no/44c22780aa504df1.jpg
427	0.000000	brown/936fe63c7f30da30.jpg
297	0.000000	brown/59639446a3821207.jpg
855	1.000000	no/4667b46a37d97ab8.jpg
514	0.000000	brown/bd77266d2ab7abc6.jpg
1187	1.000000	no/f664914b4601c633.jpg
1242	2.000000	polar/0a59dfa52ed6693f.jpg
397	0.000000	brown/886bc3daf324c85b.jpg
1072	1.000000	no/aa1429655b5024fc.jpg
930	1.000000	no/5eb50f76114e84f6.jpg
1424	2.000000	polar/3c00249f3d5d6501.jpg
1727	2.000000	polar/c8a5a781a386cc91.jpg
922	1.000000	no/5a3b44bb08876165.jpg
971	1.000000	no/7492520ef54530cc.jpg
873	1.000000	no/4a88b209a7df908d.jpg
1107	1.000000	no/c20dad992e84aab4.jpg
75	0.000000	brown/0cd9f389478f8cbd.jpg
823	1.000000	no/38bc5d2c30d0f03f.jpg
1501	2.000000	polar/545aba5851a19e90.jpg
1408	2.000000	polar/392f8102414cc81e.jpg
136	0.000000	brown/1d568c8d71d44faa.jpg
515	0.000000	brown/be9ffc69efafc875.jpg
251	0.000000	brown/4603e764e1886014.jpg
184	0.000000	brown/2db4eff3174a528e.jpg
1313	2.000000	polar/1ebd3caef1ce1468.jpg
433	0.000000	brown/9471bd3040c65c9a.jpg
286	0.000000	brown/5359137499731f96.jpg
1651	2.000000	polar/975722eb3c13b649.jpg
193	0.000000	brown/2f67b99513b47b93.jpg
322	0.000000	brown/63cd0ab09b13fc80.jpg
509	0.000000	brown/ba7ee155021296ba.jpg
405	0.000000	brown/8aeb6a0f712b3694.jpg
96	0.000000	brown/122ead55b707d8ae.jpg
1546	2.000000	polar/637cea724b81a938.jpg
970	1.000000	no/71f1b6c75820c863.jpg
1635	2.000000	polar/908daecd89480523.jpg
101	0.000000	brown/140a5b5acb5d45ee.jpg
329	0.000000	brown/6896ac1f3e3d74a5.jpg
911	1.000000	no/54fc1fa32e458f0a.jpg
1435	2.000000	polar/4171c6c89a677c8e.jpg
79	0.000000	brown/0d3984a8a6b02283.jpg
1116	1.000000	no/cb252f0c094643cc.jpg
976	1.000000	no/780ef433d83b1743.jpg
1317	2.000000	polar/203c97b849d6a076.jpg
1351	2.000000	polar/28ee2d5b2a9185b5.jpg
1266	2.000000	polar/0fa4e331ae2636af.jpg
310	0.000000	brown/60838242722d9505.jpg
1460	2.000000	polar/48369714f4029298.jpg
1388	2.000000	polar/309a8a089cbf8546.jpg
820	1.000000	no/372b9f981b7a4d57.jpg
213	0.000000	brown/356969f3556e8400.jpg
1484	2.000000	polar/50204027744d6d4b.jpg
798	1.000000	no/2dd4a4490e86973d.jpg
89	0.000000	brown/0fc85cd9547d97ac.jpg
428	0.000000	brown/937c14dc2a205667.jpg
1688	2.000000	polar/b288838413083005.jpg
1474	2.000000	polar/4cf43007c8175343.jpg
243	0.000000	brown/4223beb61e16b132.jpg
1075	1.000000	no/aaa33ecf131fa69e.jpg
1755	2.000000	polar/dc0a922f68188058.jpg
973	1.000000	no/75337a558ed26f01.jpg
233	0.000000	brown/3ed24d25b718c2f6.jpg
1732	2.000000	polar/c9db8371faa615d1.jpg
25	0.000000	brown/0431ed40b990d9f2.jpg
1797	2.000000	polar/f6f8c03460f1d9de.jpg
683	1.000000	no/0c91d10d5d6f71d0.jpg
731	1.000000	no/1d0664512e32f649.jpg
1163	1.000000	no/e8f7e999e3856f3c.jpg
1489	2.000000	polar/517e12747d5e5576.jpg
1533	2.000000	polar/600d5289060f448e.jpg
1647	2.000000	polar/94772eff7bdb439e.jpg
1332	2.000000	polar/258943b63e05f1cd.jpg
443	0.000000	brown/96f556ec3503720c.jpg
1272	2.000000	polar/127493c1e17424bd.jpg
1074	1.000000	no/aa870a5296edacde.jpg
634	1.000000	no/0155f173fba128bd.jpg
448	0.000000	brown/97972189ab7d16a6.jpg
1219	2.000000	polar/05362ad342cf0287.jpg
1601	2.000000	polar/7fff7436aab6f36d.jpg
103	0.000000	brown/14af07a7b169eb9b.jpg
1470	2.000000	polar/4bcb16ad4409ece1.jpg
247	0.000000	brown/444b0af9f30fb842.jpg
1425	2.000000	polar/3c1e2c824fadf132.jpg
1446	2.000000	polar/455e8d5f87d71e18.jpg
563	0.000000	brown/d99e24e8495b605d.jpg
1543	2.000000	polar/62d7db6b5ce10f5e.jpg
111	0.000000	brown/172719ee88c86c91.jpg
337	0.000000	brown/6c59dd3c0175dd23.jpg
669	1.000000	no/09b84d759d1968a7.jpg
1198	1.000000	no/fc93a2208f33c2cb.jpg
1384	2.000000	polar/2f6e4eb39e93eb93.jpg
119	0.000000	brown/190a7be8118045e5.jpg
301	0.000000	brown/5b0c953c3944d692.jpg
520	0.000000	brown/c0be82bff4a8d4d0.jpg
1193	1.000000	no/fa301b5043b6b04a.jpg
1010	1.000000	no/8b5ea4b826bda20a.jpg
1640	2.000000	polar/9209444be6560517.jpg
1051	1.000000	no/9cac669518b67f54.jpg
1570	2.000000	polar/709a11df7e998623.jpg
895	1.000000	no/50f651c6c2d8f93e.jpg
1463	2.000000	polar/48d0801794eecd77.jpg
1447	2.000000	polar/458e8eb58c76be71.jpg
1687	2.000000	polar/b2503cd5b749ada4.jpg
491	0.000000	brown/b0ec193201b277a2.jpg
517	0.000000	brown/bf41a65a1410a42c.jpg
889	1.000000	no/4f0cbcd08d45707a.jpg
1334	2.000000	polar/25aef897a66a5487.jpg
614	0.000000	brown/f64748427423ff12.jpg
207	0.000000	brown/3490674d24d431fa.jpg
1666	2.000000	polar/9ecf6880ec359086.jpg
126	0.000000	brown/1ae6c3366d69ed44.jpg
1559	2.000000	polar/6b3b9c323c4b333f.jpg
822	1.000000	no/38966346dd630762.jpg
990	1.000000	no/7e4a26698e1917ef.jpg
743	1.000000	no/1fa6f5eccf867449.jpg
1110	1.000000	no/c8d0286954aa3467.jpg
703	1.000000	no/140876f6672f4b7d.jpg
1396	2.000000	polar/357c96a55917c2a7.jpg
1081	1.000000	no/ace9ac337299475c.jpg
693	1.000000	no/0f8969f06b206a46.jpg
1209	2.000000	polar/01d15d88cbe349f2.jpg
1412	2.000000	polar/3a2abf988c238177.jpg
593	0.000000	brown/ebe4e7467679fa83.jpg
1462	2.000000	polar/48cde053dd310f9d.jpg
1804	2.000000	polar/fa2f9acd757b0cbf.jpg
1587	2.000000	polar/789f031690810c64.jpg
1267	2.000000	polar/0fb92054bdfe02e5.jpg
1469	2.000000	polar/4b44cf8eb040279f.jpg
506	0.000000	brown/b8a5a34fb50a8eaf.jpg
1247	2.000000	polar/0b043b1fb1d48135.jpg
107	0.000000	brown/1680236290eff77a.jpg
1550	2.000000	polar/65f8c50f9845fc49.jpg
1134	1.000000	no/d678c5909b27df10.jpg
1277	2.000000	polar/13d75d1a847f8709.jpg
259	0.000000	brown/483bdac69588d197.jpg
793	1.000000	no/2d4f38842eaa069d.jpg
1306	2.000000	polar/1c4e906c9163686b.jpg
1637	2.000000	polar/90d41241f81f45b2.jpg
917	1.000000	no/57426b476f007dc3.jpg
485	0.000000	brown/ace8be454d4028fe.jpg
1363	2.000000	polar/2b62f0484b707ba7.jpg
53	0.000000	brown/093d7062fd614572.jpg
1722	2.000000	polar/c405273e671fa5ed.jpg
342	0.000000	brown/6dba37206ffcc2d6.jpg
394	0.000000	brown/86ee138a6bb66ca6.jpg
332	0.000000	brown/6933da5063388a18.jpg
1159	1.000000	no/e5de38c72532ab85.jpg
1743	2.000000	polar/d4a93e7571036df6.jpg
1584	2.000000	polar/77b16cc1c526a2d4.jpg
302	0.000000	brown/5b900d7e4fdd958e.jpg
810	1.000000	no/343744a727d08107.jpg
1234	2.000000	polar/08f88c71e6c033be.jpg
11	0.000000	brown/015a01aa0bd321c3.jpg
369	0.000000	brown/7d1f2370ef20d13e.jpg
254	0.000000	brown/46f40a06c761c82f.jpg
1307	2.000000	polar/1ce98b110b176ed2.jpg
1328	2.000000	polar/2556625a590f2c70.jpg
1754	2.000000	polar/dc065c14d9df4389.jpg
328	0.000000	brown/681cd0c2a7a0d95d.jpg
768	1.000000	no/274fb5a289ecb7bb.jpg
1675	2.000000	polar/a805d55886028d3b.jpg
1622	2.000000	polar/8bd6bc403348000d.jpg
564	0.000000	brown/da04333faa4842b8.jpg
1137	1.000000	no/d6f8592b1e7ca077.jpg
944	1.000000	no/61ffd43c9d1d5f1b.jpg
825	1.000000	no/3963c6abf0e015eb.jpg
431	0.000000	brown/93d2de1c0ce14a5a.jpg
1709	2.000000	polar/beed737e140c4f97.jpg
839	1.000000	no/4104fd3e3b40553b.jpg
1282	2.000000	polar/14a2e4ba701769dd.jpg
757	1.000000	no/2559a44c1b366137.jpg
710	1.000000	no/15c49b9c2e3f709d.jpg
386	0.000000	brown/834f743880624119.jpg
288	0.000000	brown/53808f22dfab8ea3.jpg
365	0.000000	brown/798572c8f5c0a99f.jpg
417	0.000000	brown/9002ac1295852dbf.jpg
1572	2.000000	polar/71a359fd6d7cf9ec.jpg
1718	2.000000	polar/c2813c439ae75a86.jpg
633	1.000000	no/013a05d5bbfc6562.jpg
470	0.000000	brown/a662060233c4b6e8.jpg
686	1.000000	no/0cdd5dfa7edbf680.jpg
418	0.000000	brown/903099c90d0b150c.jpg
1326	2.000000	polar/249c5085cc632f26.jpg
1349	2.000000	polar/2847f5aa57f43ddb.jpg
98	0.000000	brown/129ca214b7d8f33d.jpg
539	0.000000	brown/cbc4abaec09a240a.jpg
933	1.000000	no/5ed464acd9439db1.jpg
1508	2.000000	polar/56559da35174f3b8.jpg
164	0.000000	brown/24641386ddee3453.jpg
248	0.000000	brown/44ac04da60229411.jpg
1091	1.000000	no/b4345cf2f13e2938.jpg
225	0.000000	brown/3acfd7fe452d4464.jpg
1638	2.000000	polar/90f7b08bfe91a96a.jpg
1038	1.000000	no/97009c1d0467e818.jpg
887	1.000000	no/4ee3d4099fe85b9e.jpg
716	1.000000	no/179fe1413433c932.jpg
1499	2.000000	polar/540e4daaf2a0c6b4.jpg
804	1.000000	no/303035d3381c7790.jpg
1444	2.000000	polar/453c623397536407.jpg
357	0.000000	brown/72cb7fe029783d8c.jpg
1578	2.000000	polar/749bbd0f1e663174.jpg
931	1.000000	no/5ecc376257b75099.jpg
941	1.000000	no/6157987dbb043f13.jpg
298	0.000000	brown/59970327e9f5cfbd.jpg
